Using pre-set license
Built from 'trunk' branch; Version is '2021.2.0a6 (dc497bf8326a) revision 14436731'; Using compiler version '192829333'; Build Type 'Release'
OS: 'Windows 10 Home; OS build 19041.928; Version 2004; 64bit' Language: 'zh' Physical Memory: 16331 MB
BatchMode: 1, IsHumanControllingUs: 0, StartBugReporterOnCrash: 0, Is64bit: 1, IsPro: 0

 COMMAND LINE ARGUMENTS:
E:\Unity\2021.2.0a6\Editor\Unity.exe
-adb2
-batchMode
-noUpm
-name
AssetImportWorker1
-projectPath
I:/Unity Workspace/3D flappy bird
-logFile
Logs/AssetImportWorker1.log
-srvPort
56029
Successfully changed project path to: I:/Unity Workspace/3D flappy bird
I:/Unity Workspace/3D flappy bird
Using Asset Import Pipeline V2.
Refreshing native plugins compatible for Editor in 51.50 ms, found 1 plugins.
Preloading 0 native plugins for Editor in 0.00 ms.
Initialize engine version: 2021.2.0a6 (dc497bf8326a)
[Subsystems] Discovering subsystems at path E:/Unity/2021.2.0a6/Editor/Data/Resources/UnitySubsystems
[Subsystems] Discovering subsystems at path I:/Unity Workspace/3D flappy bird/Assets
GfxDevice: creating device client; threaded=0; jobified=0
Direct3D:
    Version:  Direct3D 11.0 [level 11.1]
    Renderer: NVIDIA GeForce RTX 2080 SUPER (ID=0x1e81)
    Vendor:   NVIDIA
    VRAM:     8010 MB
    Driver:   27.21.14.5671
Initialize mono
Mono path[0] = 'E:/Unity/2021.2.0a6/Editor/Data/Managed'
Mono path[1] = 'E:/Unity/2021.2.0a6/Editor/Data/MonoBleedingEdge/lib/mono/unityjit'
Mono config path = 'E:/Unity/2021.2.0a6/Editor/Data/MonoBleedingEdge/etc'
Using monoOptions --debugger-agent=transport=dt_socket,embedding=1,server=y,suspend=n,address=127.0.0.1:56760
Begin MonoManager ReloadAssembly
Registering precompiled unity dll's ...
Register platform support module: E:/Unity/2021.2.0a6/Editor/Data/PlaybackEngines/WindowsStandaloneSupport/UnityEditor.WindowsStandalone.Extensions.dll
Registered in 0.000820 seconds.
Native extension for WindowsStandalone target not found
Refreshing native plugins compatible for Editor in 53.12 ms, found 1 plugins.
Preloading 0 native plugins for Editor in 0.00 ms.
Mono: successfully reloaded assembly
- Completed reload, in  0.778 seconds
Platform modules already initialized, skipping
Registering precompiled user dll's ...
Registered in 0.002152 seconds.
Begin MonoManager ReloadAssembly
Native extension for WindowsStandalone target not found
Refreshing native plugins compatible for Editor in 0.48 ms, found 1 plugins.
Preloading 0 native plugins for Editor in 0.00 ms.
Mono: successfully reloaded assembly
- Completed reload, in  0.744 seconds
Platform modules already initialized, skipping
========================================================================
Worker process is ready to serve import requests
Launched and connected shader compiler UnityShaderCompiler.exe after 0.04 seconds
Refreshing native plugins compatible for Editor in 0.45 ms, found 1 plugins.
Preloading 0 native plugins for Editor in 0.00 ms.
Unloading 2681 Unused Serialized files (Serialized files now loaded: 0)
System memory in use before: 114.3 MB.
System memory in use after: 114.5 MB.

Unloading 16 unused Assets to reduce memory usage. Loaded Objects now: 3165.
Total: 2.108600 ms (FindLiveObjects: 0.196100 ms CreateObjectMapping: 0.066200 ms MarkObjects: 1.784900 ms  DeleteObjects: 0.060600 ms)

========================================================================
Received Import Request.
  path: Assets/Scripts/ObstacleController.cs
  artifactKey: Guid(897f389757dcc0b4da6bb96fe7ba68f3) Importer(815301076,1909f56bfc062723c751e8b465ee728b)
Start importing Assets/Scripts/ObstacleController.cs using Guid(897f389757dcc0b4da6bb96fe7ba68f3) Importer(815301076,1909f56bfc062723c751e8b465ee728b)  -> (artifact id: 'e6650b9e5f0b9855bfb65e8cda731b0c') in 0.047203 seconds 
========================================================================
Received Prepare
Registering precompiled user dll's ...
Registered in 0.002034 seconds.
Begin MonoManager ReloadAssembly
Native extension for WindowsStandalone target not found
Refreshing native plugins compatible for Editor in 0.46 ms, found 1 plugins.
Preloading 0 native plugins for Editor in 0.00 ms.
Mono: successfully reloaded assembly
- Completed reload, in  0.678 seconds
Platform modules already initialized, skipping
Refreshing native plugins compatible for Editor in 0.47 ms, found 1 plugins.
Preloading 0 native plugins for Editor in 0.00 ms.
Unloading 2675 Unused Serialized files (Serialized files now loaded: 0)
System memory in use before: 114.2 MB.
System memory in use after: 114.4 MB.

Unloading 11 unused Assets to reduce memory usage. Loaded Objects now: 3168.
Total: 1.669300 ms (FindLiveObjects: 0.205200 ms CreateObjectMapping: 0.065400 ms MarkObjects: 1.386900 ms  DeleteObjects: 0.011100 ms)

========================================================================
Received Import Request.
  Time since last request: 315.549608 seconds.
  path: Assets/Scripts/ObstacleController.cs
  artifactKey: Guid(897f389757dcc0b4da6bb96fe7ba68f3) Importer(815301076,1909f56bfc062723c751e8b465ee728b)
Start importing Assets/Scripts/ObstacleController.cs using Guid(897f389757dcc0b4da6bb96fe7ba68f3) Importer(815301076,1909f56bfc062723c751e8b465ee728b)  -> (artifact id: '38c565d3fdcb7f1c1ffdc08cf36f09d3') in 0.004315 seconds 
========================================================================
Received Import Request.
  Time since last request: 763.567752 seconds.
  path: Assets/Scripts/ObstacleController.cs
  artifactKey: Guid(897f389757dcc0b4da6bb96fe7ba68f3) Importer(815301076,1909f56bfc062723c751e8b465ee728b)
Start importing Assets/Scripts/ObstacleController.cs using Guid(897f389757dcc0b4da6bb96fe7ba68f3) Importer(815301076,1909f56bfc062723c751e8b465ee728b)  -> (artifact id: '9cc1e4cb41fdfeadf1d459c546b23b42') in 0.001675 seconds 
========================================================================
Received Prepare
Registering precompiled user dll's ...
Registered in 0.001971 seconds.
Begin MonoManager ReloadAssembly
Native extension for WindowsStandalone target not found
Refreshing native plugins compatible for Editor in 0.37 ms, found 1 plugins.
Preloading 0 native plugins for Editor in 0.00 ms.
Mono: successfully reloaded assembly
- Completed reload, in  0.675 seconds
Platform modules already initialized, skipping
Refreshing native plugins compatible for Editor in 0.45 ms, found 1 plugins.
Preloading 0 native plugins for Editor in 0.00 ms.
Unloading 2675 Unused Serialized files (Serialized files now loaded: 0)
System memory in use before: 114.2 MB.
System memory in use after: 114.5 MB.

Unloading 11 unused Assets to reduce memory usage. Loaded Objects now: 3171.
Total: 2.041500 ms (FindLiveObjects: 0.262500 ms CreateObjectMapping: 0.069800 ms MarkObjects: 1.694800 ms  DeleteObjects: 0.013200 ms)

========================================================================
Received Prepare
Registering precompiled user dll's ...
Registered in 0.002013 seconds.
Begin MonoManager ReloadAssembly
Native extension for WindowsStandalone target not found
Refreshing native plugins compatible for Editor in 0.51 ms, found 1 plugins.
Preloading 0 native plugins for Editor in 0.00 ms.
Mono: successfully reloaded assembly
- Completed reload, in  0.724 seconds
Platform modules already initialized, skipping
Refreshing native plugins compatible for Editor in 0.49 ms, found 1 plugins.
Preloading 0 native plugins for Editor in 0.00 ms.
Unloading 2675 Unused Serialized files (Serialized files now loaded: 0)
System memory in use before: 114.3 MB.
System memory in use after: 114.5 MB.

Unloading 11 unused Assets to reduce memory usage. Loaded Objects now: 3174.
Total: 1.830400 ms (FindLiveObjects: 0.241900 ms CreateObjectMapping: 0.069000 ms MarkObjects: 1.501600 ms  DeleteObjects: 0.016900 ms)

========================================================================
Received Prepare
Registering precompiled user dll's ...
Registered in 0.002004 seconds.
Begin MonoManager ReloadAssembly
Native extension for WindowsStandalone target not found
Refreshing native plugins compatible for Editor in 0.53 ms, found 1 plugins.
Preloading 0 native plugins for Editor in 0.00 ms.
Mono: successfully reloaded assembly
- Completed reload, in  0.665 seconds
Platform modules already initialized, skipping
Refreshing native plugins compatible for Editor in 0.47 ms, found 1 plugins.
Preloading 0 native plugins for Editor in 0.00 ms.
Unloading 2675 Unused Serialized files (Serialized files now loaded: 0)
System memory in use before: 114.3 MB.
System memory in use after: 114.5 MB.

Unloading 11 unused Assets to reduce memory usage. Loaded Objects now: 3177.
Total: 1.984300 ms (FindLiveObjects: 0.280000 ms CreateObjectMapping: 0.071300 ms MarkObjects: 1.611100 ms  DeleteObjects: 0.020300 ms)

========================================================================
Received Prepare
Registering precompiled user dll's ...
Registered in 0.002008 seconds.
Begin MonoManager ReloadAssembly
Native extension for WindowsStandalone target not found
Refreshing native plugins compatible for Editor in 0.46 ms, found 1 plugins.
Preloading 0 native plugins for Editor in 0.00 ms.
Mono: successfully reloaded assembly
- Completed reload, in  0.678 seconds
Platform modules already initialized, skipping
Refreshing native plugins compatible for Editor in 0.54 ms, found 1 plugins.
Preloading 0 native plugins for Editor in 0.00 ms.
Unloading 2675 Unused Serialized files (Serialized files now loaded: 0)
System memory in use before: 114.3 MB.
System memory in use after: 114.5 MB.

Unloading 11 unused Assets to reduce memory usage. Loaded Objects now: 3180.
Total: 2.003100 ms (FindLiveObjects: 0.266200 ms CreateObjectMapping: 0.067500 ms MarkObjects: 1.648900 ms  DeleteObjects: 0.019200 ms)

========================================================================
Received Prepare
Registering precompiled user dll's ...
Registered in 0.001976 seconds.
Begin MonoManager ReloadAssembly
Native extension for WindowsStandalone target not found
Refreshing native plugins compatible for Editor in 0.48 ms, found 1 plugins.
Preloading 0 native plugins for Editor in 0.00 ms.
Mono: successfully reloaded assembly
- Completed reload, in  0.661 seconds
Platform modules already initialized, skipping
Refreshing native plugins compatible for Editor in 0.52 ms, found 1 plugins.
Preloading 0 native plugins for Editor in 0.00 ms.
Unloading 2675 Unused Serialized files (Serialized files now loaded: 0)
System memory in use before: 114.3 MB.
System memory in use after: 114.5 MB.

Unloading 11 unused Assets to reduce memory usage. Loaded Objects now: 3183.
Total: 2.031800 ms (FindLiveObjects: 0.247200 ms CreateObjectMapping: 0.068900 ms MarkObjects: 1.696900 ms  DeleteObjects: 0.017300 ms)

========================================================================
Received Prepare
Registering precompiled user dll's ...
Registered in 0.001978 seconds.
Begin MonoManager ReloadAssembly
Native extension for WindowsStandalone target not found
Refreshing native plugins compatible for Editor in 0.53 ms, found 1 plugins.
Preloading 0 native plugins for Editor in 0.00 ms.
Mono: successfully reloaded assembly
- Completed reload, in  0.676 seconds
Platform modules already initialized, skipping
Refreshing native plugins compatible for Editor in 0.48 ms, found 1 plugins.
Preloading 0 native plugins for Editor in 0.00 ms.
Unloading 2675 Unused Serialized files (Serialized files now loaded: 0)
System memory in use before: 114.3 MB.
System memory in use after: 114.5 MB.

Unloading 11 unused Assets to reduce memory usage. Loaded Objects now: 3186.
Total: 1.890900 ms (FindLiveObjects: 0.243300 ms CreateObjectMapping: 0.078400 ms MarkObjects: 1.552000 ms  DeleteObjects: 0.016300 ms)

========================================================================
Received Prepare
Registering precompiled user dll's ...
Registered in 0.002036 seconds.
Begin MonoManager ReloadAssembly
Native extension for WindowsStandalone target not found
Refreshing native plugins compatible for Editor in 0.51 ms, found 1 plugins.
Preloading 0 native plugins for Editor in 0.00 ms.
Mono: successfully reloaded assembly
- Completed reload, in  0.706 seconds
Platform modules already initialized, skipping
Refreshing native plugins compatible for Editor in 0.50 ms, found 1 plugins.
Preloading 0 native plugins for Editor in 0.00 ms.
Unloading 2675 Unused Serialized files (Serialized files now loaded: 0)
System memory in use before: 114.3 MB.
System memory in use after: 114.6 MB.

Unloading 11 unused Assets to reduce memory usage. Loaded Objects now: 3189.
Total: 1.892300 ms (FindLiveObjects: 0.257300 ms CreateObjectMapping: 0.067400 ms MarkObjects: 1.555300 ms  DeleteObjects: 0.011400 ms)

========================================================================
Received Prepare
Registering precompiled user dll's ...
Registered in 0.001987 seconds.
Begin MonoManager ReloadAssembly
Native extension for WindowsStandalone target not found
Refreshing native plugins compatible for Editor in 0.49 ms, found 1 plugins.
Preloading 0 native plugins for Editor in 0.00 ms.
Mono: successfully reloaded assembly
- Completed reload, in  0.671 seconds
Platform modules already initialized, skipping
Refreshing native plugins compatible for Editor in 0.46 ms, found 1 plugins.
Preloading 0 native plugins for Editor in 0.00 ms.
Unloading 2675 Unused Serialized files (Serialized files now loaded: 0)
System memory in use before: 114.3 MB.
System memory in use after: 114.6 MB.

Unloading 11 unused Assets to reduce memory usage. Loaded Objects now: 3192.
Total: 1.792100 ms (FindLiveObjects: 0.206800 ms CreateObjectMapping: 0.079300 ms MarkObjects: 1.488800 ms  DeleteObjects: 0.016400 ms)

========================================================================
Received Prepare
Registering precompiled user dll's ...
Registered in 0.001962 seconds.
Begin MonoManager ReloadAssembly
Native extension for WindowsStandalone target not found
Refreshing native plugins compatible for Editor in 0.50 ms, found 1 plugins.
Preloading 0 native plugins for Editor in 0.00 ms.
Mono: successfully reloaded assembly
- Completed reload, in  0.675 seconds
Platform modules already initialized, skipping
Refreshing native plugins compatible for Editor in 0.48 ms, found 1 plugins.
Preloading 0 native plugins for Editor in 0.00 ms.
Unloading 2675 Unused Serialized files (Serialized files now loaded: 0)
System memory in use before: 114.3 MB.
System memory in use after: 114.6 MB.

Unloading 11 unused Assets to reduce memory usage. Loaded Objects now: 3195.
Total: 1.750600 ms (FindLiveObjects: 0.204100 ms CreateObjectMapping: 0.066100 ms MarkObjects: 1.465100 ms  DeleteObjects: 0.014400 ms)

========================================================================
Received Prepare
Registering precompiled user dll's ...
Registered in 0.001953 seconds.
Begin MonoManager ReloadAssembly
Native extension for WindowsStandalone target not found
Refreshing native plugins compatible for Editor in 0.46 ms, found 1 plugins.
Preloading 0 native plugins for Editor in 0.00 ms.
Mono: successfully reloaded assembly
- Completed reload, in  0.676 seconds
Platform modules already initialized, skipping
Refreshing native plugins compatible for Editor in 0.52 ms, found 1 plugins.
Preloading 0 native plugins for Editor in 0.00 ms.
Unloading 2675 Unused Serialized files (Serialized files now loaded: 0)
System memory in use before: 114.3 MB.
System memory in use after: 114.6 MB.

Unloading 11 unused Assets to reduce memory usage. Loaded Objects now: 3198.
Total: 2.120800 ms (FindLiveObjects: 0.278300 ms CreateObjectMapping: 0.067400 ms MarkObjects: 1.756700 ms  DeleteObjects: 0.017000 ms)

========================================================================
Received Prepare
Registering precompiled user dll's ...
Registered in 0.002039 seconds.
Begin MonoManager ReloadAssembly
Native extension for WindowsStandalone target not found
Refreshing native plugins compatible for Editor in 0.48 ms, found 1 plugins.
Preloading 0 native plugins for Editor in 0.00 ms.
Mono: successfully reloaded assembly
- Completed reload, in  0.690 seconds
Platform modules already initialized, skipping
Refreshing native plugins compatible for Editor in 0.53 ms, found 1 plugins.
Preloading 0 native plugins for Editor in 0.00 ms.
Unloading 2675 Unused Serialized files (Serialized files now loaded: 0)
System memory in use before: 114.3 MB.
System memory in use after: 114.6 MB.

Unloading 11 unused Assets to reduce memory usage. Loaded Objects now: 3201.
Total: 2.016200 ms (FindLiveObjects: 0.268700 ms CreateObjectMapping: 0.070000 ms MarkObjects: 1.659500 ms  DeleteObjects: 0.017000 ms)

========================================================================
Received Prepare
Registering precompiled user dll's ...
Registered in 0.002023 seconds.
Begin MonoManager ReloadAssembly
Native extension for WindowsStandalone target not found
Refreshing native plugins compatible for Editor in 0.47 ms, found 1 plugins.
Preloading 0 native plugins for Editor in 0.00 ms.
Mono: successfully reloaded assembly
- Completed reload, in  0.668 seconds
Platform modules already initialized, skipping
Refreshing native plugins compatible for Editor in 0.46 ms, found 1 plugins.
Preloading 0 native plugins for Editor in 0.00 ms.
Unloading 2675 Unused Serialized files (Serialized files now loaded: 0)
System memory in use before: 114.4 MB.
System memory in use after: 114.6 MB.

Unloading 11 unused Assets to reduce memory usage. Loaded Objects now: 3204.
Total: 1.939400 ms (FindLiveObjects: 0.231300 ms CreateObjectMapping: 0.069900 ms MarkObjects: 1.618300 ms  DeleteObjects: 0.018800 ms)

========================================================================
Received Prepare
Registering precompiled user dll's ...
Registered in 0.002051 seconds.
Begin MonoManager ReloadAssembly
Native extension for WindowsStandalone target not found
Refreshing native plugins compatible for Editor in 0.46 ms, found 1 plugins.
Preloading 0 native plugins for Editor in 0.00 ms.
Mono: successfully reloaded assembly
- Completed reload, in  0.651 seconds
Platform modules already initialized, skipping
Refreshing native plugins compatible for Editor in 0.49 ms, found 1 plugins.
Preloading 0 native plugins for Editor in 0.00 ms.
Unloading 2675 Unused Serialized files (Serialized files now loaded: 0)
System memory in use before: 114.4 MB.
System memory in use after: 114.6 MB.

Unloading 11 unused Assets to reduce memory usage. Loaded Objects now: 3207.
Total: 1.811600 ms (FindLiveObjects: 0.216000 ms CreateObjectMapping: 0.074500 ms MarkObjects: 1.505700 ms  DeleteObjects: 0.014600 ms)

========================================================================
Received Prepare
Registering precompiled user dll's ...
Registered in 0.002087 seconds.
Begin MonoManager ReloadAssembly
Native extension for WindowsStandalone target not found
Refreshing native plugins compatible for Editor in 0.46 ms, found 1 plugins.
Preloading 0 native plugins for Editor in 0.00 ms.
Mono: successfully reloaded assembly
- Completed reload, in  0.667 seconds
Platform modules already initialized, skipping
Refreshing native plugins compatible for Editor in 0.46 ms, found 1 plugins.
Preloading 0 native plugins for Editor in 0.00 ms.
Unloading 2675 Unused Serialized files (Serialized files now loaded: 0)
System memory in use before: 114.4 MB.
System memory in use after: 114.6 MB.

Unloading 11 unused Assets to reduce memory usage. Loaded Objects now: 3210.
Total: 1.833100 ms (FindLiveObjects: 0.237500 ms CreateObjectMapping: 0.071200 ms MarkObjects: 1.507600 ms  DeleteObjects: 0.015900 ms)

========================================================================
Received Prepare
Registering precompiled user dll's ...
Registered in 0.002189 seconds.
Begin MonoManager ReloadAssembly
Native extension for WindowsStandalone target not found
Refreshing native plugins compatible for Editor in 0.46 ms, found 1 plugins.
Preloading 0 native plugins for Editor in 0.00 ms.
Mono: successfully reloaded assembly
- Completed reload, in  0.678 seconds
Platform modules already initialized, skipping
Refreshing native plugins compatible for Editor in 0.46 ms, found 1 plugins.
Preloading 0 native plugins for Editor in 0.00 ms.
Unloading 2675 Unused Serialized files (Serialized files now loaded: 0)
System memory in use before: 114.4 MB.
System memory in use after: 114.6 MB.

Unloading 11 unused Assets to reduce memory usage. Loaded Objects now: 3213.
Total: 1.896400 ms (FindLiveObjects: 0.227100 ms CreateObjectMapping: 0.065800 ms MarkObjects: 1.586300 ms  DeleteObjects: 0.015600 ms)

========================================================================
Received Prepare
Registering precompiled user dll's ...
Registered in 0.002037 seconds.
Begin MonoManager ReloadAssembly
Native extension for WindowsStandalone target not found
Refreshing native plugins compatible for Editor in 0.47 ms, found 1 plugins.
Preloading 0 native plugins for Editor in 0.00 ms.
Mono: successfully reloaded assembly
- Completed reload, in  0.662 seconds
Platform modules already initialized, skipping
Refreshing native plugins compatible for Editor in 0.61 ms, found 1 plugins.
Preloading 0 native plugins for Editor in 0.00 ms.
Unloading 2675 Unused Serialized files (Serialized files now loaded: 0)
System memory in use before: 114.4 MB.
System memory in use after: 114.6 MB.

Unloading 11 unused Assets to reduce memory usage. Loaded Objects now: 3216.
Total: 1.830600 ms (FindLiveObjects: 0.243600 ms CreateObjectMapping: 0.067100 ms MarkObjects: 1.503900 ms  DeleteObjects: 0.015100 ms)

========================================================================
Received Prepare
Registering precompiled user dll's ...
Registered in 0.001995 seconds.
Begin MonoManager ReloadAssembly
Native extension for WindowsStandalone target not found
Refreshing native plugins compatible for Editor in 0.47 ms, found 1 plugins.
Preloading 0 native plugins for Editor in 0.00 ms.
Mono: successfully reloaded assembly
- Completed reload, in  0.666 seconds
Platform modules already initialized, skipping
Refreshing native plugins compatible for Editor in 0.46 ms, found 1 plugins.
Preloading 0 native plugins for Editor in 0.00 ms.
Unloading 2675 Unused Serialized files (Serialized files now loaded: 0)
System memory in use before: 114.4 MB.
System memory in use after: 114.6 MB.

Unloading 11 unused Assets to reduce memory usage. Loaded Objects now: 3219.
Total: 1.781800 ms (FindLiveObjects: 0.210200 ms CreateObjectMapping: 0.072600 ms MarkObjects: 1.483800 ms  DeleteObjects: 0.014000 ms)

========================================================================
Received Prepare
Registering precompiled user dll's ...
Registered in 0.001945 seconds.
Begin MonoManager ReloadAssembly
Native extension for WindowsStandalone target not found
Refreshing native plugins compatible for Editor in 0.45 ms, found 1 plugins.
Preloading 0 native plugins for Editor in 0.00 ms.
Mono: successfully reloaded assembly
- Completed reload, in  0.661 seconds
Platform modules already initialized, skipping
Refreshing native plugins compatible for Editor in 0.49 ms, found 1 plugins.
Preloading 0 native plugins for Editor in 0.00 ms.
Unloading 2675 Unused Serialized files (Serialized files now loaded: 0)
System memory in use before: 114.4 MB.
System memory in use after: 114.6 MB.

Unloading 11 unused Assets to reduce memory usage. Loaded Objects now: 3222.
Total: 1.744100 ms (FindLiveObjects: 0.207900 ms CreateObjectMapping: 0.065300 ms MarkObjects: 1.455000 ms  DeleteObjects: 0.015300 ms)

========================================================================
Received Prepare
Registering precompiled user dll's ...
Registered in 0.001971 seconds.
Begin MonoManager ReloadAssembly
Native extension for WindowsStandalone target not found
Refreshing native plugins compatible for Editor in 0.49 ms, found 1 plugins.
Preloading 0 native plugins for Editor in 0.00 ms.
Mono: successfully reloaded assembly
- Completed reload, in  0.655 seconds
Platform modules already initialized, skipping
Refreshing native plugins compatible for Editor in 0.45 ms, found 1 plugins.
Preloading 0 native plugins for Editor in 0.00 ms.
Unloading 2675 Unused Serialized files (Serialized files now loaded: 0)
System memory in use before: 114.4 MB.
System memory in use after: 114.6 MB.

Unloading 11 unused Assets to reduce memory usage. Loaded Objects now: 3225.
Total: 1.592300 ms (FindLiveObjects: 0.207100 ms CreateObjectMapping: 0.073400 ms MarkObjects: 1.300000 ms  DeleteObjects: 0.011000 ms)

========================================================================
Received Prepare
Registering precompiled user dll's ...
Registered in 0.001995 seconds.
Begin MonoManager ReloadAssembly
Native extension for WindowsStandalone target not found
Refreshing native plugins compatible for Editor in 0.46 ms, found 1 plugins.
Preloading 0 native plugins for Editor in 0.00 ms.
Mono: successfully reloaded assembly
- Completed reload, in  0.669 seconds
Platform modules already initialized, skipping
Refreshing native plugins compatible for Editor in 0.49 ms, found 1 plugins.
Preloading 0 native plugins for Editor in 0.00 ms.
Unloading 2675 Unused Serialized files (Serialized files now loaded: 0)
System memory in use before: 114.4 MB.
System memory in use after: 114.6 MB.

Unloading 11 unused Assets to reduce memory usage. Loaded Objects now: 3228.
Total: 2.003000 ms (FindLiveObjects: 0.226500 ms CreateObjectMapping: 0.071700 ms MarkObjects: 1.688200 ms  DeleteObjects: 0.015500 ms)

========================================================================
Received Prepare
Registering precompiled user dll's ...
Registered in 0.001915 seconds.
Begin MonoManager ReloadAssembly
Native extension for WindowsStandalone target not found
Refreshing native plugins compatible for Editor in 0.45 ms, found 1 plugins.
Preloading 0 native plugins for Editor in 0.00 ms.
Mono: successfully reloaded assembly
- Completed reload, in  0.661 seconds
Platform modules already initialized, skipping
Refreshing native plugins compatible for Editor in 0.48 ms, found 1 plugins.
Preloading 0 native plugins for Editor in 0.00 ms.
Unloading 2675 Unused Serialized files (Serialized files now loaded: 0)
System memory in use before: 114.4 MB.
System memory in use after: 114.6 MB.

Unloading 11 unused Assets to reduce memory usage. Loaded Objects now: 3231.
Total: 2.023100 ms (FindLiveObjects: 0.314500 ms CreateObjectMapping: 0.098900 ms MarkObjects: 1.589100 ms  DeleteObjects: 0.018900 ms)

========================================================================
Received Prepare
Registering precompiled user dll's ...
Registered in 0.002003 seconds.
Begin MonoManager ReloadAssembly
Native extension for WindowsStandalone target not found
Refreshing native plugins compatible for Editor in 0.46 ms, found 1 plugins.
Preloading 0 native plugins for Editor in 0.00 ms.
Mono: successfully reloaded assembly
- Completed reload, in  0.654 seconds
Platform modules already initialized, skipping
Refreshing native plugins compatible for Editor in 0.59 ms, found 1 plugins.
Preloading 0 native plugins for Editor in 0.00 ms.
Unloading 2675 Unused Serialized files (Serialized files now loaded: 0)
System memory in use before: 114.4 MB.
System memory in use after: 114.6 MB.

Unloading 11 unused Assets to reduce memory usage. Loaded Objects now: 3234.
Total: 1.671800 ms (FindLiveObjects: 0.225400 ms CreateObjectMapping: 0.078700 ms MarkObjects: 1.352800 ms  DeleteObjects: 0.014000 ms)

========================================================================
Received Prepare
Registering precompiled user dll's ...
Registered in 0.002033 seconds.
Begin MonoManager ReloadAssembly
Native extension for WindowsStandalone target not found
Refreshing native plugins compatible for Editor in 0.45 ms, found 1 plugins.
Preloading 0 native plugins for Editor in 0.00 ms.
Mono: successfully reloaded assembly
- Completed reload, in  0.660 seconds
Platform modules already initialized, skipping
Refreshing native plugins compatible for Editor in 0.46 ms, found 1 plugins.
Preloading 0 native plugins for Editor in 0.00 ms.
Unloading 2675 Unused Serialized files (Serialized files now loaded: 0)
System memory in use before: 114.4 MB.
System memory in use after: 114.6 MB.

Unloading 11 unused Assets to reduce memory usage. Loaded Objects now: 3237.
Total: 1.588300 ms (FindLiveObjects: 0.216600 ms CreateObjectMapping: 0.079400 ms MarkObjects: 1.280500 ms  DeleteObjects: 0.010900 ms)

========================================================================
Received Prepare
Registering precompiled user dll's ...
Registered in 0.001999 seconds.
Begin MonoManager ReloadAssembly
Native extension for WindowsStandalone target not found
Refreshing native plugins compatible for Editor in 0.46 ms, found 1 plugins.
Preloading 0 native plugins for Editor in 0.00 ms.
Mono: successfully reloaded assembly
- Completed reload, in  0.651 seconds
Platform modules already initialized, skipping
Refreshing native plugins compatible for Editor in 0.64 ms, found 1 plugins.
Preloading 0 native plugins for Editor in 0.00 ms.
Unloading 2675 Unused Serialized files (Serialized files now loaded: 0)
System memory in use before: 114.4 MB.
System memory in use after: 114.6 MB.

Unloading 11 unused Assets to reduce memory usage. Loaded Objects now: 3240.
Total: 1.844800 ms (FindLiveObjects: 0.220500 ms CreateObjectMapping: 0.071300 ms MarkObjects: 1.530900 ms  DeleteObjects: 0.021300 ms)

========================================================================
Received Prepare
Registering precompiled user dll's ...
Registered in 0.002160 seconds.
Begin MonoManager ReloadAssembly
Native extension for WindowsStandalone target not found
Refreshing native plugins compatible for Editor in 0.49 ms, found 1 plugins.
Preloading 0 native plugins for Editor in 0.00 ms.
Mono: successfully reloaded assembly
- Completed reload, in  0.660 seconds
Platform modules already initialized, skipping
Refreshing native plugins compatible for Editor in 0.50 ms, found 1 plugins.
Preloading 0 native plugins for Editor in 0.00 ms.
Unloading 2675 Unused Serialized files (Serialized files now loaded: 0)
System memory in use before: 114.4 MB.
System memory in use after: 114.7 MB.

Unloading 11 unused Assets to reduce memory usage. Loaded Objects now: 3243.
Total: 1.896000 ms (FindLiveObjects: 0.251600 ms CreateObjectMapping: 0.068000 ms MarkObjects: 1.560500 ms  DeleteObjects: 0.014700 ms)

========================================================================
Received Prepare
Registering precompiled user dll's ...
Registered in 0.002675 seconds.
Begin MonoManager ReloadAssembly
Native extension for WindowsStandalone target not found
Refreshing native plugins compatible for Editor in 0.45 ms, found 1 plugins.
Preloading 0 native plugins for Editor in 0.00 ms.
Mono: successfully reloaded assembly
- Completed reload, in  0.662 seconds
Platform modules already initialized, skipping
Refreshing native plugins compatible for Editor in 0.47 ms, found 1 plugins.
Preloading 0 native plugins for Editor in 0.00 ms.
Unloading 2675 Unused Serialized files (Serialized files now loaded: 0)
System memory in use before: 114.4 MB.
System memory in use after: 114.7 MB.

Unloading 11 unused Assets to reduce memory usage. Loaded Objects now: 3246.
Total: 1.812700 ms (FindLiveObjects: 0.217300 ms CreateObjectMapping: 0.067100 ms MarkObjects: 1.512400 ms  DeleteObjects: 0.015000 ms)

========================================================================
Received Prepare
Registering precompiled user dll's ...
Registered in 0.001970 seconds.
Begin MonoManager ReloadAssembly
Native extension for WindowsStandalone target not found
Refreshing native plugins compatible for Editor in 0.47 ms, found 1 plugins.
Preloading 0 native plugins for Editor in 0.00 ms.
Mono: successfully reloaded assembly
- Completed reload, in  0.660 seconds
Platform modules already initialized, skipping
Refreshing native plugins compatible for Editor in 0.48 ms, found 1 plugins.
Preloading 0 native plugins for Editor in 0.00 ms.
Unloading 2675 Unused Serialized files (Serialized files now loaded: 0)
System memory in use before: 114.4 MB.
System memory in use after: 114.7 MB.

Unloading 11 unused Assets to reduce memory usage. Loaded Objects now: 3249.
Total: 1.924400 ms (FindLiveObjects: 0.214800 ms CreateObjectMapping: 0.069800 ms MarkObjects: 1.620700 ms  DeleteObjects: 0.018200 ms)

========================================================================
Received Prepare
Registering precompiled user dll's ...
Registered in 0.001910 seconds.
Begin MonoManager ReloadAssembly
Native extension for WindowsStandalone target not found
Refreshing native plugins compatible for Editor in 0.48 ms, found 1 plugins.
Preloading 0 native plugins for Editor in 0.00 ms.
Mono: successfully reloaded assembly
- Completed reload, in  0.651 seconds
Platform modules already initialized, skipping
Refreshing native plugins compatible for Editor in 0.47 ms, found 1 plugins.
Preloading 0 native plugins for Editor in 0.00 ms.
Unloading 2675 Unused Serialized files (Serialized files now loaded: 0)
System memory in use before: 114.4 MB.
System memory in use after: 114.7 MB.

Unloading 11 unused Assets to reduce memory usage. Loaded Objects now: 3252.
Total: 1.904900 ms (FindLiveObjects: 0.223100 ms CreateObjectMapping: 0.067400 ms MarkObjects: 1.596100 ms  DeleteObjects: 0.016900 ms)

========================================================================
Received Prepare
Registering precompiled user dll's ...
Registered in 0.001871 seconds.
Begin MonoManager ReloadAssembly
Native extension for WindowsStandalone target not found
Refreshing native plugins compatible for Editor in 0.49 ms, found 1 plugins.
Preloading 0 native plugins for Editor in 0.00 ms.
Mono: successfully reloaded assembly
- Completed reload, in  0.651 seconds
Platform modules already initialized, skipping
Refreshing native plugins compatible for Editor in 0.48 ms, found 1 plugins.
Preloading 0 native plugins for Editor in 0.00 ms.
Unloading 2675 Unused Serialized files (Serialized files now loaded: 0)
System memory in use before: 114.4 MB.
System memory in use after: 114.7 MB.

Unloading 11 unused Assets to reduce memory usage. Loaded Objects now: 3255.
Total: 1.787000 ms (FindLiveObjects: 0.204500 ms CreateObjectMapping: 0.065900 ms MarkObjects: 1.499500 ms  DeleteObjects: 0.016400 ms)

========================================================================
Received Import Request.
  Time since last request: 5596.449076 seconds.
  path: ProjectSettings/TagManager.asset
  artifactKey: Guid(00000000000000003000000000000000) Importer(815301076,1909f56bfc062723c751e8b465ee728b)
Start importing ProjectSettings/TagManager.asset using Guid(00000000000000003000000000000000) Importer(815301076,1909f56bfc062723c751e8b465ee728b)  -> (artifact id: '99b8e55995b41a50e80dafde08bb6450') in 0.132773 seconds 
========================================================================
Received Prepare
Registering precompiled user dll's ...
Registered in 0.001971 seconds.
Begin MonoManager ReloadAssembly
Native extension for WindowsStandalone target not found
Refreshing native plugins compatible for Editor in 0.47 ms, found 1 plugins.
Preloading 0 native plugins for Editor in 0.00 ms.
Mono: successfully reloaded assembly
- Completed reload, in  0.670 seconds
Platform modules already initialized, skipping
Refreshing native plugins compatible for Editor in 0.46 ms, found 1 plugins.
Preloading 0 native plugins for Editor in 0.00 ms.
Unloading 2675 Unused Serialized files (Serialized files now loaded: 0)
System memory in use before: 114.5 MB.
System memory in use after: 114.7 MB.

Unloading 12 unused Assets to reduce memory usage. Loaded Objects now: 3258.
Total: 1.936900 ms (FindLiveObjects: 0.226700 ms CreateObjectMapping: 0.068300 ms MarkObjects: 1.623500 ms  DeleteObjects: 0.017900 ms)

========================================================================
Received Prepare
Registering precompiled user dll's ...
Registered in 0.002096 seconds.
Begin MonoManager ReloadAssembly
Native extension for WindowsStandalone target not found
Refreshing native plugins compatible for Editor in 0.46 ms, found 1 plugins.
Preloading 0 native plugins for Editor in 0.00 ms.
Mono: successfully reloaded assembly
- Completed reload, in  0.676 seconds
Platform modules already initialized, skipping
Refreshing native plugins compatible for Editor in 0.47 ms, found 1 plugins.
Preloading 0 native plugins for Editor in 0.00 ms.
Unloading 2675 Unused Serialized files (Serialized files now loaded: 0)
System memory in use before: 114.5 MB.
System memory in use after: 114.7 MB.

Unloading 11 unused Assets to reduce memory usage. Loaded Objects now: 3261.
Total: 1.955300 ms (FindLiveObjects: 0.280200 ms CreateObjectMapping: 0.079200 ms MarkObjects: 1.581400 ms  DeleteObjects: 0.013600 ms)

========================================================================
Received Prepare
Registering precompiled user dll's ...
Registered in 0.002102 seconds.
Begin MonoManager ReloadAssembly
Native extension for WindowsStandalone target not found
Refreshing native plugins compatible for Editor in 0.47 ms, found 1 plugins.
Preloading 0 native plugins for Editor in 0.00 ms.
Mono: successfully reloaded assembly
- Completed reload, in  0.670 seconds
Platform modules already initialized, skipping
Refreshing native plugins compatible for Editor in 0.51 ms, found 1 plugins.
Preloading 0 native plugins for Editor in 0.00 ms.
Unloading 2675 Unused Serialized files (Serialized files now loaded: 0)
System memory in use before: 114.5 MB.
System memory in use after: 114.7 MB.

Unloading 11 unused Assets to reduce memory usage. Loaded Objects now: 3264.
Total: 2.113900 ms (FindLiveObjects: 0.250900 ms CreateObjectMapping: 0.069600 ms MarkObjects: 1.774200 ms  DeleteObjects: 0.018400 ms)

========================================================================
Received Prepare
Registering precompiled user dll's ...
Registered in 0.001948 seconds.
Begin MonoManager ReloadAssembly
Native extension for WindowsStandalone target not found
Refreshing native plugins compatible for Editor in 0.48 ms, found 1 plugins.
Preloading 0 native plugins for Editor in 0.00 ms.
Mono: successfully reloaded assembly
- Completed reload, in  0.662 seconds
Platform modules already initialized, skipping
Refreshing native plugins compatible for Editor in 0.54 ms, found 1 plugins.
Preloading 0 native plugins for Editor in 0.00 ms.
Unloading 2675 Unused Serialized files (Serialized files now loaded: 0)
System memory in use before: 114.5 MB.
System memory in use after: 114.7 MB.

Unloading 11 unused Assets to reduce memory usage. Loaded Objects now: 3267.
Total: 2.167900 ms (FindLiveObjects: 0.231000 ms CreateObjectMapping: 0.067300 ms MarkObjects: 1.849600 ms  DeleteObjects: 0.018600 ms)

========================================================================
Received Prepare
Registering precompiled user dll's ...
Registered in 0.001895 seconds.
Begin MonoManager ReloadAssembly
Native extension for WindowsStandalone target not found
Refreshing native plugins compatible for Editor in 0.47 ms, found 1 plugins.
Preloading 0 native plugins for Editor in 0.00 ms.
Mono: successfully reloaded assembly
- Completed reload, in  0.666 seconds
Platform modules already initialized, skipping
Refreshing native plugins compatible for Editor in 0.47 ms, found 1 plugins.
Preloading 0 native plugins for Editor in 0.00 ms.
Unloading 2675 Unused Serialized files (Serialized files now loaded: 0)
System memory in use before: 114.5 MB.
System memory in use after: 114.7 MB.

Unloading 11 unused Assets to reduce memory usage. Loaded Objects now: 3270.
Total: 1.975700 ms (FindLiveObjects: 0.228800 ms CreateObjectMapping: 0.070400 ms MarkObjects: 1.658600 ms  DeleteObjects: 0.017300 ms)

========================================================================
Received Import Request.
  Time since last request: 679.431976 seconds.
  path: Assets/Prefab/Canos.prefab
  artifactKey: Guid(299a8f47ff453c24a85a3ffa69c0e67d) Importer(815301076,1909f56bfc062723c751e8b465ee728b)
Start importing Assets/Prefab/Canos.prefab using Guid(299a8f47ff453c24a85a3ffa69c0e67d) Importer(815301076,1909f56bfc062723c751e8b465ee728b)  -> (artifact id: '6c676e6417db92162a0f8a6954b6345a') in 0.121987 seconds 
========================================================================
Received Import Request.
  Time since last request: 0.000123 seconds.
  path: Assets/Prefab/DownObstacle.prefab
  artifactKey: Guid(9ff89bafd315f024ebded9524410c9ed) Importer(815301076,1909f56bfc062723c751e8b465ee728b)
Start importing Assets/Prefab/DownObstacle.prefab using Guid(9ff89bafd315f024ebded9524410c9ed) Importer(815301076,1909f56bfc062723c751e8b465ee728b)  -> (artifact id: '23428b8331cec035e9b27d48ea98eb3f') in 0.012510 seconds 
========================================================================
Received Import Request.
  Time since last request: 0.000138 seconds.
  path: Assets/Prefab/UpObstacle.prefab
  artifactKey: Guid(7fec6110022a4a44fbc85f4d73bb33bd) Importer(815301076,1909f56bfc062723c751e8b465ee728b)
Start importing Assets/Prefab/UpObstacle.prefab using Guid(7fec6110022a4a44fbc85f4d73bb33bd) Importer(815301076,1909f56bfc062723c751e8b465ee728b)  -> (artifact id: '9324fd22b5ca264f6306ac1d63a70a30') in 0.010047 seconds 
========================================================================
Received Import Request.
  Time since last request: 30.733966 seconds.
  path: Assets/Prefab/ObstacleContainer.prefab
  artifactKey: Guid(8bfbf4863e3927641acd9313a92e056d) Importer(815301076,1909f56bfc062723c751e8b465ee728b)
Start importing Assets/Prefab/ObstacleContainer.prefab using Guid(8bfbf4863e3927641acd9313a92e056d) Importer(815301076,1909f56bfc062723c751e8b465ee728b)  -> (artifact id: 'cced9192a589488f07484e0ea33d4857') in 0.007745 seconds 
========================================================================
Received Import Request.
  Time since last request: 16.943617 seconds.
  path: Assets/Prefab/ObstacleContainer.prefab
  artifactKey: Guid(8bfbf4863e3927641acd9313a92e056d) Importer(815301076,1909f56bfc062723c751e8b465ee728b)
Start importing Assets/Prefab/ObstacleContainer.prefab using Guid(8bfbf4863e3927641acd9313a92e056d) Importer(815301076,1909f56bfc062723c751e8b465ee728b)  -> (artifact id: '7ce78bd17cbf18a58d9af4f9b268029b') in 0.003272 seconds 
========================================================================
Received Prepare
Registering precompiled user dll's ...
Registered in 0.001932 seconds.
Begin MonoManager ReloadAssembly
Native extension for WindowsStandalone target not found
Refreshing native plugins compatible for Editor in 0.47 ms, found 1 plugins.
Preloading 0 native plugins for Editor in 0.00 ms.
Mono: successfully reloaded assembly
- Completed reload, in  0.666 seconds
Platform modules already initialized, skipping
Refreshing native plugins compatible for Editor in 0.47 ms, found 1 plugins.
Preloading 0 native plugins for Editor in 0.00 ms.
Unloading 2675 Unused Serialized files (Serialized files now loaded: 0)
System memory in use before: 118.1 MB.
System memory in use after: 118.3 MB.

Unloading 12 unused Assets to reduce memory usage. Loaded Objects now: 3280.
Total: 1.981800 ms (FindLiveObjects: 0.249700 ms CreateObjectMapping: 0.067000 ms MarkObjects: 1.620800 ms  DeleteObjects: 0.043600 ms)

========================================================================
Received Import Request.
  Time since last request: 81.935229 seconds.
  path: Assets/Prefab/ObstacleContainer.prefab
  artifactKey: Guid(8bfbf4863e3927641acd9313a92e056d) Importer(815301076,1909f56bfc062723c751e8b465ee728b)
Start importing Assets/Prefab/ObstacleContainer.prefab using Guid(8bfbf4863e3927641acd9313a92e056d) Importer(815301076,1909f56bfc062723c751e8b465ee728b)  -> (artifact id: '6beeef444f78ce61a2b43042cabe5e31') in 0.023693 seconds 
========================================================================
Received Import Request.
  Time since last request: 17.029843 seconds.
  path: Assets/Prefab/DownObstacle.prefab
  artifactKey: Guid(9ff89bafd315f024ebded9524410c9ed) Importer(815301076,1909f56bfc062723c751e8b465ee728b)
Start importing Assets/Prefab/DownObstacle.prefab using Guid(9ff89bafd315f024ebded9524410c9ed) Importer(815301076,1909f56bfc062723c751e8b465ee728b)  -> (artifact id: '5867ad1e6cf5fd07d193e8ca9565fe4d') in 0.045960 seconds 
========================================================================
Received Import Request.
  Time since last request: 3.285872 seconds.
  path: Assets/Prefab/UpObstacle.prefab
  artifactKey: Guid(7fec6110022a4a44fbc85f4d73bb33bd) Importer(815301076,1909f56bfc062723c751e8b465ee728b)
Start importing Assets/Prefab/UpObstacle.prefab using Guid(7fec6110022a4a44fbc85f4d73bb33bd) Importer(815301076,1909f56bfc062723c751e8b465ee728b)  -> (artifact id: '1d3e8d3cb8e5d84961dd859583a34620') in 0.012309 seconds 
========================================================================
Received Prepare
Registering precompiled user dll's ...
Registered in 0.002024 seconds.
Begin MonoManager ReloadAssembly
Native extension for WindowsStandalone target not found
Refreshing native plugins compatible for Editor in 0.47 ms, found 1 plugins.
Preloading 0 native plugins for Editor in 0.00 ms.
Mono: successfully reloaded assembly
- Completed reload, in  0.668 seconds
Platform modules already initialized, skipping
Refreshing native plugins compatible for Editor in 0.53 ms, found 1 plugins.
Preloading 0 native plugins for Editor in 0.00 ms.
Unloading 2675 Unused Serialized files (Serialized files now loaded: 0)
System memory in use before: 118.1 MB.
System memory in use after: 118.3 MB.

Unloading 11 unused Assets to reduce memory usage. Loaded Objects now: 3283.
Total: 2.048200 ms (FindLiveObjects: 0.281200 ms CreateObjectMapping: 0.078100 ms MarkObjects: 1.671600 ms  DeleteObjects: 0.016400 ms)

========================================================================
Received Prepare
Registering precompiled user dll's ...
Registered in 0.002048 seconds.
Begin MonoManager ReloadAssembly
Native extension for WindowsStandalone target not found
Refreshing native plugins compatible for Editor in 0.48 ms, found 1 plugins.
Preloading 0 native plugins for Editor in 0.00 ms.
Mono: successfully reloaded assembly
- Completed reload, in  0.665 seconds
Platform modules already initialized, skipping
Refreshing native plugins compatible for Editor in 0.49 ms, found 1 plugins.
Preloading 0 native plugins for Editor in 0.00 ms.
Unloading 2675 Unused Serialized files (Serialized files now loaded: 0)
System memory in use before: 118.1 MB.
System memory in use after: 118.3 MB.

Unloading 11 unused Assets to reduce memory usage. Loaded Objects now: 3286.
Total: 1.975000 ms (FindLiveObjects: 0.236800 ms CreateObjectMapping: 0.066000 ms MarkObjects: 1.570600 ms  DeleteObjects: 0.100200 ms)

========================================================================
Received Import Request.
  Time since last request: 127.127727 seconds.
  path: Assets/Prefab/ObstacleContainer.prefab
  artifactKey: Guid(8bfbf4863e3927641acd9313a92e056d) Importer(815301076,1909f56bfc062723c751e8b465ee728b)
Start importing Assets/Prefab/ObstacleContainer.prefab using Guid(8bfbf4863e3927641acd9313a92e056d) Importer(815301076,1909f56bfc062723c751e8b465ee728b)  -> (artifact id: '79ed6c5cf03348130f447b9b9165e91d') in 0.024290 seconds 
========================================================================
Received Import Request.
  Time since last request: 0.949292 seconds.
  path: Assets/Prefab/ObstacleContainer.prefab
  artifactKey: Guid(8bfbf4863e3927641acd9313a92e056d) Importer(815301076,1909f56bfc062723c751e8b465ee728b)
Start importing Assets/Prefab/ObstacleContainer.prefab using Guid(8bfbf4863e3927641acd9313a92e056d) Importer(815301076,1909f56bfc062723c751e8b465ee728b)  -> (artifact id: '49bf3930820d5faa52254217bd1dadc2') in 0.003459 seconds 
========================================================================
Received Prepare
Registering precompiled user dll's ...
Registered in 0.001959 seconds.
Begin MonoManager ReloadAssembly
Native extension for WindowsStandalone target not found
Refreshing native plugins compatible for Editor in 0.46 ms, found 1 plugins.
Preloading 0 native plugins for Editor in 0.00 ms.
Mono: successfully reloaded assembly
- Completed reload, in  0.652 seconds
Platform modules already initialized, skipping
Refreshing native plugins compatible for Editor in 0.49 ms, found 1 plugins.
Preloading 0 native plugins for Editor in 0.00 ms.
Unloading 2675 Unused Serialized files (Serialized files now loaded: 0)
System memory in use before: 118.1 MB.
System memory in use after: 118.3 MB.

Unloading 11 unused Assets to reduce memory usage. Loaded Objects now: 3289.
Total: 1.952000 ms (FindLiveObjects: 0.231300 ms CreateObjectMapping: 0.066300 ms MarkObjects: 1.638200 ms  DeleteObjects: 0.015100 ms)

========================================================================
Received Import Request.
  Time since last request: 93.438071 seconds.
  path: Assets/Scripts/MoveObjs.cs
  artifactKey: Guid(da3842c34c1a8fd4ca04827971f9d7ae) Importer(815301076,1909f56bfc062723c751e8b465ee728b)
Start importing Assets/Scripts/MoveObjs.cs using Guid(da3842c34c1a8fd4ca04827971f9d7ae) Importer(815301076,1909f56bfc062723c751e8b465ee728b)  -> (artifact id: '577c5018318689cfeb1e4a99033b509c') in 0.007947 seconds 
========================================================================
Received Import Request.
  Time since last request: 0.291111 seconds.
  path: Assets/Scripts/ObstacleController.cs
  artifactKey: Guid(897f389757dcc0b4da6bb96fe7ba68f3) Importer(815301076,1909f56bfc062723c751e8b465ee728b)
Start importing Assets/Scripts/ObstacleController.cs using Guid(897f389757dcc0b4da6bb96fe7ba68f3) Importer(815301076,1909f56bfc062723c751e8b465ee728b)  -> (artifact id: '8fe1d0281412a1d9437a78a754acd433') in 0.004767 seconds 
========================================================================
Received Import Request.
  Time since last request: 0.686955 seconds.
  path: Assets/Scripts/UIController.cs
  artifactKey: Guid(123839bc2eea74c4684b40ac072a7cc2) Importer(815301076,1909f56bfc062723c751e8b465ee728b)
Start importing Assets/Scripts/UIController.cs using Guid(123839bc2eea74c4684b40ac072a7cc2) Importer(815301076,1909f56bfc062723c751e8b465ee728b)  -> (artifact id: '05e40bd50dd73e6762c1b97dcf5a6003') in 0.004929 seconds 
========================================================================
Received Import Request.
  Time since last request: 0.303342 seconds.
  path: Assets/Scripts/WallController.cs
  artifactKey: Guid(8b91dfdfa15d1ab48b6b860e225c224e) Importer(815301076,1909f56bfc062723c751e8b465ee728b)
Start importing Assets/Scripts/WallController.cs using Guid(8b91dfdfa15d1ab48b6b860e225c224e) Importer(815301076,1909f56bfc062723c751e8b465ee728b)  -> (artifact id: 'b60bd105dea3a6f78f60fef197b7282f') in 0.004841 seconds 
========================================================================
Received Import Request.
  Time since last request: 39.468202 seconds.
  path: Assets/Prefab/DownObstacle.prefab
  artifactKey: Guid(9ff89bafd315f024ebded9524410c9ed) Importer(815301076,1909f56bfc062723c751e8b465ee728b)
Start importing Assets/Prefab/DownObstacle.prefab using Guid(9ff89bafd315f024ebded9524410c9ed) Importer(815301076,1909f56bfc062723c751e8b465ee728b)  -> (artifact id: 'fa94b61e4dc04f723805580eff5114eb') in 0.043067 seconds 
========================================================================
Received Import Request.
  Time since last request: 3.014661 seconds.
  path: Assets/Prefab/UpObstacle.prefab
  artifactKey: Guid(7fec6110022a4a44fbc85f4d73bb33bd) Importer(815301076,1909f56bfc062723c751e8b465ee728b)
Start importing Assets/Prefab/UpObstacle.prefab using Guid(7fec6110022a4a44fbc85f4d73bb33bd) Importer(815301076,1909f56bfc062723c751e8b465ee728b)  -> (artifact id: 'fb5ebda89fb4f156c1c78782c694f574') in 0.007241 seconds 
========================================================================
Received Prepare
Registering precompiled user dll's ...
Registered in 0.002022 seconds.
Begin MonoManager ReloadAssembly
Native extension for WindowsStandalone target not found
Refreshing native plugins compatible for Editor in 0.53 ms, found 1 plugins.
Preloading 0 native plugins for Editor in 0.00 ms.
Mono: successfully reloaded assembly
- Completed reload, in  0.664 seconds
Platform modules already initialized, skipping
Refreshing native plugins compatible for Editor in 0.52 ms, found 1 plugins.
Preloading 0 native plugins for Editor in 0.00 ms.
Unloading 2675 Unused Serialized files (Serialized files now loaded: 0)
System memory in use before: 118.1 MB.
System memory in use after: 118.3 MB.

Unloading 11 unused Assets to reduce memory usage. Loaded Objects now: 3292.
Total: 1.880500 ms (FindLiveObjects: 0.222000 ms CreateObjectMapping: 0.067900 ms MarkObjects: 1.574700 ms  DeleteObjects: 0.014800 ms)

========================================================================
Received Import Request.
  Time since last request: 86.706375 seconds.
  path: Assets/Prefab/ObstacleContainer.prefab
  artifactKey: Guid(8bfbf4863e3927641acd9313a92e056d) Importer(815301076,1909f56bfc062723c751e8b465ee728b)
Start importing Assets/Prefab/ObstacleContainer.prefab using Guid(8bfbf4863e3927641acd9313a92e056d) Importer(815301076,1909f56bfc062723c751e8b465ee728b)  -> (artifact id: 'c4b218950d9a22f656d7096010ad85e0') in 0.023206 seconds 
========================================================================
Received Prepare
Registering precompiled user dll's ...
Registered in 0.001896 seconds.
Begin MonoManager ReloadAssembly
Native extension for WindowsStandalone target not found
Refreshing native plugins compatible for Editor in 0.46 ms, found 1 plugins.
Preloading 0 native plugins for Editor in 0.00 ms.
Mono: successfully reloaded assembly
- Completed reload, in  0.665 seconds
Platform modules already initialized, skipping
Refreshing native plugins compatible for Editor in 0.47 ms, found 1 plugins.
Preloading 0 native plugins for Editor in 0.00 ms.
Unloading 2675 Unused Serialized files (Serialized files now loaded: 0)
System memory in use before: 118.1 MB.
System memory in use after: 118.4 MB.

Unloading 11 unused Assets to reduce memory usage. Loaded Objects now: 3295.
Total: 1.769400 ms (FindLiveObjects: 0.277000 ms CreateObjectMapping: 0.069600 ms MarkObjects: 1.407200 ms  DeleteObjects: 0.014200 ms)

========================================================================
Received Import Request.
  Time since last request: 137.796822 seconds.
  path: Assets/Prefab/DownObstacle.prefab
  artifactKey: Guid(9ff89bafd315f024ebded9524410c9ed) Importer(815301076,1909f56bfc062723c751e8b465ee728b)
Start importing Assets/Prefab/DownObstacle.prefab using Guid(9ff89bafd315f024ebded9524410c9ed) Importer(815301076,1909f56bfc062723c751e8b465ee728b)  -> (artifact id: 'a2593cd69b9995737b7d0cf5fe9565ad') in 0.046588 seconds 
========================================================================
Received Import Request.
  Time since last request: 2.730075 seconds.
  path: Assets/Prefab/UpObstacle.prefab
  artifactKey: Guid(7fec6110022a4a44fbc85f4d73bb33bd) Importer(815301076,1909f56bfc062723c751e8b465ee728b)
Start importing Assets/Prefab/UpObstacle.prefab using Guid(7fec6110022a4a44fbc85f4d73bb33bd) Importer(815301076,1909f56bfc062723c751e8b465ee728b)  -> (artifact id: '3f148a04ffa78fd4738b55778d1b4bcc') in 0.014509 seconds 
========================================================================
Received Prepare
Registering precompiled user dll's ...
Registered in 0.001917 seconds.
Begin MonoManager ReloadAssembly
Native extension for WindowsStandalone target not found
Refreshing native plugins compatible for Editor in 0.46 ms, found 1 plugins.
Preloading 0 native plugins for Editor in 0.00 ms.
Mono: successfully reloaded assembly
- Completed reload, in  0.666 seconds
Platform modules already initialized, skipping
Refreshing native plugins compatible for Editor in 0.52 ms, found 1 plugins.
Preloading 0 native plugins for Editor in 0.00 ms.
Unloading 2675 Unused Serialized files (Serialized files now loaded: 0)
System memory in use before: 118.1 MB.
System memory in use after: 118.4 MB.

Unloading 11 unused Assets to reduce memory usage. Loaded Objects now: 3298.
Total: 1.841900 ms (FindLiveObjects: 0.225200 ms CreateObjectMapping: 0.067700 ms MarkObjects: 1.535700 ms  DeleteObjects: 0.012400 ms)

========================================================================
Received Prepare
Registering precompiled user dll's ...
Registered in 0.002038 seconds.
Begin MonoManager ReloadAssembly
Native extension for WindowsStandalone target not found
Refreshing native plugins compatible for Editor in 0.46 ms, found 1 plugins.
Preloading 0 native plugins for Editor in 0.00 ms.
Mono: successfully reloaded assembly
- Completed reload, in  0.673 seconds
Platform modules already initialized, skipping
Refreshing native plugins compatible for Editor in 0.48 ms, found 1 plugins.
Preloading 0 native plugins for Editor in 0.00 ms.
Unloading 2675 Unused Serialized files (Serialized files now loaded: 0)
System memory in use before: 118.1 MB.
System memory in use after: 118.4 MB.

Unloading 11 unused Assets to reduce memory usage. Loaded Objects now: 3301.
Total: 1.682600 ms (FindLiveObjects: 0.224000 ms CreateObjectMapping: 0.072200 ms MarkObjects: 1.374500 ms  DeleteObjects: 0.011200 ms)

========================================================================
Received Prepare
Registering precompiled user dll's ...
Registered in 0.001947 seconds.
Begin MonoManager ReloadAssembly
Native extension for WindowsStandalone target not found
Refreshing native plugins compatible for Editor in 0.46 ms, found 1 plugins.
Preloading 0 native plugins for Editor in 0.00 ms.
Mono: successfully reloaded assembly
- Completed reload, in  0.666 seconds
Platform modules already initialized, skipping
Refreshing native plugins compatible for Editor in 0.52 ms, found 1 plugins.
Preloading 0 native plugins for Editor in 0.00 ms.
Unloading 2675 Unused Serialized files (Serialized files now loaded: 0)
System memory in use before: 118.1 MB.
System memory in use after: 118.4 MB.

Unloading 11 unused Assets to reduce memory usage. Loaded Objects now: 3304.
Total: 1.872500 ms (FindLiveObjects: 0.226600 ms CreateObjectMapping: 0.067000 ms MarkObjects: 1.561000 ms  DeleteObjects: 0.017100 ms)

========================================================================
Received Prepare
Registering precompiled user dll's ...
Registered in 0.002054 seconds.
Begin MonoManager ReloadAssembly
Native extension for WindowsStandalone target not found
Refreshing native plugins compatible for Editor in 0.50 ms, found 1 plugins.
Preloading 0 native plugins for Editor in 0.00 ms.
Mono: successfully reloaded assembly
- Completed reload, in  0.661 seconds
Platform modules already initialized, skipping
Refreshing native plugins compatible for Editor in 0.46 ms, found 1 plugins.
Preloading 0 native plugins for Editor in 0.00 ms.
Unloading 2675 Unused Serialized files (Serialized files now loaded: 0)
System memory in use before: 118.2 MB.
System memory in use after: 118.4 MB.

Unloading 11 unused Assets to reduce memory usage. Loaded Objects now: 3307.
Total: 2.007600 ms (FindLiveObjects: 0.263400 ms CreateObjectMapping: 0.069300 ms MarkObjects: 1.655800 ms  DeleteObjects: 0.017900 ms)

========================================================================
Received Prepare
Registering precompiled user dll's ...
Registered in 0.001958 seconds.
Begin MonoManager ReloadAssembly
Native extension for WindowsStandalone target not found
Refreshing native plugins compatible for Editor in 0.48 ms, found 1 plugins.
Preloading 0 native plugins for Editor in 0.00 ms.
Mono: successfully reloaded assembly
- Completed reload, in  0.676 seconds
Platform modules already initialized, skipping
Refreshing native plugins compatible for Editor in 0.50 ms, found 1 plugins.
Preloading 0 native plugins for Editor in 0.00 ms.
Unloading 2675 Unused Serialized files (Serialized files now loaded: 0)
System memory in use before: 118.2 MB.
System memory in use after: 118.4 MB.

Unloading 11 unused Assets to reduce memory usage. Loaded Objects now: 3310.
Total: 1.862700 ms (FindLiveObjects: 0.217500 ms CreateObjectMapping: 0.069200 ms MarkObjects: 1.558400 ms  DeleteObjects: 0.016800 ms)

========================================================================
Received Import Request.
  Time since last request: 363.059370 seconds.
  path: Assets/Prefab/Canos.prefab
  artifactKey: Guid(299a8f47ff453c24a85a3ffa69c0e67d) Importer(815301076,1909f56bfc062723c751e8b465ee728b)
Start importing Assets/Prefab/Canos.prefab using Guid(299a8f47ff453c24a85a3ffa69c0e67d) Importer(815301076,1909f56bfc062723c751e8b465ee728b)  -> (artifact id: '1a07ac4aabd615e31712c41add0963ce') in 0.064756 seconds 
========================================================================
Received Import Request.
  Time since last request: 0.000142 seconds.
  path: Assets/Prefab/ObstacleContainer.prefab
  artifactKey: Guid(8bfbf4863e3927641acd9313a92e056d) Importer(815301076,1909f56bfc062723c751e8b465ee728b)
Start importing Assets/Prefab/ObstacleContainer.prefab using Guid(8bfbf4863e3927641acd9313a92e056d) Importer(815301076,1909f56bfc062723c751e8b465ee728b)  -> (artifact id: '2a901230ebb89826b202f40129ec5e64') in 0.003223 seconds 
========================================================================
Received Prepare
Registering precompiled user dll's ...
Registered in 0.002114 seconds.
Begin MonoManager ReloadAssembly
Native extension for WindowsStandalone target not found
Refreshing native plugins compatible for Editor in 0.46 ms, found 1 plugins.
Preloading 0 native plugins for Editor in 0.00 ms.
Mono: successfully reloaded assembly
- Completed reload, in  0.671 seconds
Platform modules already initialized, skipping
Refreshing native plugins compatible for Editor in 0.46 ms, found 1 plugins.
Preloading 0 native plugins for Editor in 0.00 ms.
Unloading 2675 Unused Serialized files (Serialized files now loaded: 0)
System memory in use before: 118.2 MB.
System memory in use after: 118.4 MB.

Unloading 12 unused Assets to reduce memory usage. Loaded Objects now: 3313.
Total: 1.895300 ms (FindLiveObjects: 0.217700 ms CreateObjectMapping: 0.078600 ms MarkObjects: 1.579900 ms  DeleteObjects: 0.018300 ms)

========================================================================
Received Import Request.
  Time since last request: 124.556340 seconds.
  path: Assets/Prefab/Canos.prefab
  artifactKey: Guid(299a8f47ff453c24a85a3ffa69c0e67d) Importer(815301076,1909f56bfc062723c751e8b465ee728b)
Start importing Assets/Prefab/Canos.prefab using Guid(299a8f47ff453c24a85a3ffa69c0e67d) Importer(815301076,1909f56bfc062723c751e8b465ee728b)  -> (artifact id: '8d6e98e31545e4a18e03a786acb13e84') in 0.049644 seconds 
========================================================================
Received Prepare
Registering precompiled user dll's ...
Registered in 0.002031 seconds.
Begin MonoManager ReloadAssembly
Native extension for WindowsStandalone target not found
Refreshing native plugins compatible for Editor in 0.48 ms, found 1 plugins.
Preloading 0 native plugins for Editor in 0.00 ms.
Mono: successfully reloaded assembly
- Completed reload, in  0.669 seconds
Platform modules already initialized, skipping
Refreshing native plugins compatible for Editor in 0.50 ms, found 1 plugins.
Preloading 0 native plugins for Editor in 0.00 ms.
Unloading 2675 Unused Serialized files (Serialized files now loaded: 0)
System memory in use before: 118.3 MB.
System memory in use after: 118.5 MB.

Unloading 12 unused Assets to reduce memory usage. Loaded Objects now: 3316.
Total: 2.075500 ms (FindLiveObjects: 0.220400 ms CreateObjectMapping: 0.066500 ms MarkObjects: 1.769800 ms  DeleteObjects: 0.017800 ms)

========================================================================
Received Import Request.
  Time since last request: 68.782794 seconds.
  path: Assets/Prefab/Canos.prefab
  artifactKey: Guid(299a8f47ff453c24a85a3ffa69c0e67d) Importer(815301076,1909f56bfc062723c751e8b465ee728b)
Start importing Assets/Prefab/Canos.prefab using Guid(299a8f47ff453c24a85a3ffa69c0e67d) Importer(815301076,1909f56bfc062723c751e8b465ee728b)  -> (artifact id: '3fcb51082189d92e52153693ab8c7516') in 0.048123 seconds 
========================================================================
Received Prepare
Registering precompiled user dll's ...
Registered in 0.001972 seconds.
Begin MonoManager ReloadAssembly
Native extension for WindowsStandalone target not found
Refreshing native plugins compatible for Editor in 0.52 ms, found 1 plugins.
Preloading 0 native plugins for Editor in 0.00 ms.
Mono: successfully reloaded assembly
- Completed reload, in  0.679 seconds
Platform modules already initialized, skipping
Refreshing native plugins compatible for Editor in 0.46 ms, found 1 plugins.
Preloading 0 native plugins for Editor in 0.00 ms.
Unloading 2675 Unused Serialized files (Serialized files now loaded: 0)
System memory in use before: 118.3 MB.
System memory in use after: 118.5 MB.

Unloading 12 unused Assets to reduce memory usage. Loaded Objects now: 3319.
Total: 2.129600 ms (FindLiveObjects: 0.240100 ms CreateObjectMapping: 0.071600 ms MarkObjects: 1.797800 ms  DeleteObjects: 0.018900 ms)

========================================================================
Received Prepare
Registering precompiled user dll's ...
Registered in 0.001866 seconds.
Begin MonoManager ReloadAssembly
Native extension for WindowsStandalone target not found
Refreshing native plugins compatible for Editor in 0.46 ms, found 1 plugins.
Preloading 0 native plugins for Editor in 0.00 ms.
Mono: successfully reloaded assembly
- Completed reload, in  0.665 seconds
Platform modules already initialized, skipping
Refreshing native plugins compatible for Editor in 0.46 ms, found 1 plugins.
Preloading 0 native plugins for Editor in 0.00 ms.
Unloading 2675 Unused Serialized files (Serialized files now loaded: 0)
System memory in use before: 118.3 MB.
System memory in use after: 118.5 MB.

Unloading 11 unused Assets to reduce memory usage. Loaded Objects now: 3322.
Total: 2.055600 ms (FindLiveObjects: 0.218200 ms CreateObjectMapping: 0.066300 ms MarkObjects: 1.753500 ms  DeleteObjects: 0.016700 ms)

========================================================================
Received Prepare
Registering precompiled user dll's ...
Registered in 0.002283 seconds.
Begin MonoManager ReloadAssembly
Native extension for WindowsStandalone target not found
Refreshing native plugins compatible for Editor in 0.47 ms, found 1 plugins.
Preloading 0 native plugins for Editor in 0.00 ms.
Mono: successfully reloaded assembly
- Completed reload, in  0.667 seconds
Platform modules already initialized, skipping
Refreshing native plugins compatible for Editor in 0.46 ms, found 1 plugins.
Preloading 0 native plugins for Editor in 0.00 ms.
Unloading 2675 Unused Serialized files (Serialized files now loaded: 0)
System memory in use before: 118.3 MB.
System memory in use after: 118.5 MB.

Unloading 11 unused Assets to reduce memory usage. Loaded Objects now: 3325.
Total: 2.104200 ms (FindLiveObjects: 0.239900 ms CreateObjectMapping: 0.083600 ms MarkObjects: 1.763600 ms  DeleteObjects: 0.016300 ms)

========================================================================
Received Prepare
Registering precompiled user dll's ...
Registered in 0.001927 seconds.
Begin MonoManager ReloadAssembly
Native extension for WindowsStandalone target not found
Refreshing native plugins compatible for Editor in 0.47 ms, found 1 plugins.
Preloading 0 native plugins for Editor in 0.00 ms.
Mono: successfully reloaded assembly
- Completed reload, in  0.655 seconds
Platform modules already initialized, skipping
Refreshing native plugins compatible for Editor in 0.58 ms, found 1 plugins.
Preloading 0 native plugins for Editor in 0.00 ms.
Unloading 2675 Unused Serialized files (Serialized files now loaded: 0)
System memory in use before: 118.3 MB.
System memory in use after: 118.5 MB.

Unloading 11 unused Assets to reduce memory usage. Loaded Objects now: 3328.
Total: 1.885200 ms (FindLiveObjects: 0.239800 ms CreateObjectMapping: 0.070600 ms MarkObjects: 1.557700 ms  DeleteObjects: 0.016300 ms)

========================================================================
Received Prepare
Registering precompiled user dll's ...
Registered in 0.002373 seconds.
Begin MonoManager ReloadAssembly
Native extension for WindowsStandalone target not found
Refreshing native plugins compatible for Editor in 0.48 ms, found 1 plugins.
Preloading 0 native plugins for Editor in 0.00 ms.
Mono: successfully reloaded assembly
- Completed reload, in  0.945 seconds
Platform modules already initialized, skipping
Refreshing native plugins compatible for Editor in 0.53 ms, found 1 plugins.
Preloading 0 native plugins for Editor in 0.00 ms.
Unloading 2675 Unused Serialized files (Serialized files now loaded: 0)
System memory in use before: 118.3 MB.
System memory in use after: 118.5 MB.

Unloading 11 unused Assets to reduce memory usage. Loaded Objects now: 3331.
Total: 1.787100 ms (FindLiveObjects: 0.256500 ms CreateObjectMapping: 0.075100 ms MarkObjects: 1.430900 ms  DeleteObjects: 0.023600 ms)

AssetImportWorkerClient::OnTransportError - code=2 error=End of file
