Using pre-set license
Built from 'trunk' branch; Version is '2021.2.0a6 (dc497bf8326a) revision 14436731'; Using compiler version '192829333'; Build Type 'Release'
OS: 'Windows 10 Home; OS build 19041.867; Version 2004; 64bit' Language: 'zh' Physical Memory: 16331 MB
BatchMode: 1, IsHumanControllingUs: 0, StartBugReporterOnCrash: 0, Is64bit: 1, IsPro: 0

 COMMAND LINE ARGUMENTS:
E:\Unity\2021.2.0a6\Editor\Unity.exe
-adb2
-batchMode
-noUpm
-name
AssetImportWorker0
-projectPath
I:/Unity Workspace/3D flappy bird
-logFile
Logs/AssetImportWorker0.log
-srvPort
65224
Successfully changed project path to: I:/Unity Workspace/3D flappy bird
I:/Unity Workspace/3D flappy bird
Using Asset Import Pipeline V2.
Refreshing native plugins compatible for Editor in 51.94 ms, found 1 plugins.
Preloading 0 native plugins for Editor in 0.00 ms.
Initialize engine version: 2021.2.0a6 (dc497bf8326a)
[Subsystems] Discovering subsystems at path E:/Unity/2021.2.0a6/Editor/Data/Resources/UnitySubsystems
[Subsystems] Discovering subsystems at path I:/Unity Workspace/3D flappy bird/Assets
GfxDevice: creating device client; threaded=0; jobified=0
Direct3D:
    Version:  Direct3D 11.0 [level 11.1]
    Renderer: NVIDIA GeForce RTX 2080 SUPER (ID=0x1e81)
    Vendor:   NVIDIA
    VRAM:     8010 MB
    Driver:   27.21.14.5671
Initialize mono
Mono path[0] = 'E:/Unity/2021.2.0a6/Editor/Data/Managed'
Mono path[1] = 'E:/Unity/2021.2.0a6/Editor/Data/MonoBleedingEdge/lib/mono/unityjit'
Mono config path = 'E:/Unity/2021.2.0a6/Editor/Data/MonoBleedingEdge/etc'
Using monoOptions --debugger-agent=transport=dt_socket,embedding=1,server=y,suspend=n,address=127.0.0.1:56528
Begin MonoManager ReloadAssembly
Registering precompiled unity dll's ...
Register platform support module: E:/Unity/2021.2.0a6/Editor/Data/PlaybackEngines/WindowsStandaloneSupport/UnityEditor.WindowsStandalone.Extensions.dll
Registered in 0.000874 seconds.
Native extension for WindowsStandalone target not found
Refreshing native plugins compatible for Editor in 53.31 ms, found 1 plugins.
Preloading 0 native plugins for Editor in 0.00 ms.
Mono: successfully reloaded assembly
- Completed reload, in  0.738 seconds
Platform modules already initialized, skipping
Registering precompiled user dll's ...
Registered in 0.002319 seconds.
Begin MonoManager ReloadAssembly
Native extension for WindowsStandalone target not found
Refreshing native plugins compatible for Editor in 0.48 ms, found 1 plugins.
Preloading 0 native plugins for Editor in 0.00 ms.
Mono: successfully reloaded assembly
- Completed reload, in  0.726 seconds
Platform modules already initialized, skipping
========================================================================
Worker process is ready to serve import requests
Launched and connected shader compiler UnityShaderCompiler.exe after 0.04 seconds
Refreshing native plugins compatible for Editor in 0.51 ms, found 1 plugins.
Preloading 0 native plugins for Editor in 0.00 ms.
Unloading 2677 Unused Serialized files (Serialized files now loaded: 0)
System memory in use before: 114.1 MB.
System memory in use after: 114.3 MB.

Unloading 16 unused Assets to reduce memory usage. Loaded Objects now: 3161.
Total: 1.741900 ms (FindLiveObjects: 0.161500 ms CreateObjectMapping: 0.065000 ms MarkObjects: 1.453000 ms  DeleteObjects: 0.061800 ms)

========================================================================
Received Import Request.
  path: Assets/Model/maya2sketchfab.fbx
  artifactKey: Guid(87215fd7582f09645a46f06362d09d7d) Importer(815301076,1909f56bfc062723c751e8b465ee728b)
Start importing Assets/Model/maya2sketchfab.fbx using Guid(87215fd7582f09645a46f06362d09d7d) Importer(815301076,1909f56bfc062723c751e8b465ee728b)  -> (artifact id: '0c6b5305d5e9b3cf49a025a1743e1fde') in 0.157784 seconds 
========================================================================
Received Import Request.
  Time since last request: 26.242450 seconds.
  path: Assets/Res/flappybird/atlas.png
  artifactKey: Guid(9d1a220c9c658154abcefc8e1f028f5f) Importer(815301076,1909f56bfc062723c751e8b465ee728b)
Start importing Assets/Res/flappybird/atlas.png using Guid(9d1a220c9c658154abcefc8e1f028f5f) Importer(815301076,1909f56bfc062723c751e8b465ee728b)  -> (artifact id: '7d5de3c4c99d21ef0328630899cc6dc0') in 0.128513 seconds 
========================================================================
Received Import Request.
  Time since last request: 0.000139 seconds.
  path: Assets/Res/flappybird/bird1_2.png
  artifactKey: Guid(7a1caa6cd652ddc4b88f0c264e9dfc61) Importer(815301076,1909f56bfc062723c751e8b465ee728b)
Start importing Assets/Res/flappybird/bird1_2.png using Guid(7a1caa6cd652ddc4b88f0c264e9dfc61) Importer(815301076,1909f56bfc062723c751e8b465ee728b)  -> (artifact id: 'a27b50a4b1ea11e65ce65a187ac7226e') in 0.018363 seconds 
========================================================================
Received Import Request.
  Time since last request: 0.000141 seconds.
  path: Assets/Res/flappybird/font_048.psd
  artifactKey: Guid(52c3d38e4d94a584fb5150ec025c7de0) Importer(815301076,1909f56bfc062723c751e8b465ee728b)
Start importing Assets/Res/flappybird/font_048.psd using Guid(52c3d38e4d94a584fb5150ec025c7de0) Importer(815301076,1909f56bfc062723c751e8b465ee728b)  -> (artifact id: 'dc31617811a81a4929b0ca361bd9e47a') in 0.018429 seconds 
========================================================================
Received Import Request.
  Time since last request: 0.000132 seconds.
  path: Assets/Res/flappybird/button_rate.png
  artifactKey: Guid(5ede4022ae5f435448efb17b365f8276) Importer(815301076,1909f56bfc062723c751e8b465ee728b)
Start importing Assets/Res/flappybird/button_rate.png using Guid(5ede4022ae5f435448efb17b365f8276) Importer(815301076,1909f56bfc062723c751e8b465ee728b)  -> (artifact id: 'dbac5691660d28025408371ba8c49955') in 0.017440 seconds 
========================================================================
Received Import Request.
  Time since last request: 0.000121 seconds.
  path: Assets/Res/flappybird/brand_copyright.png
  artifactKey: Guid(f76b751a72d0b86439a7cf41ecf840a6) Importer(815301076,1909f56bfc062723c751e8b465ee728b)
Start importing Assets/Res/flappybird/brand_copyright.png using Guid(f76b751a72d0b86439a7cf41ecf840a6) Importer(815301076,1909f56bfc062723c751e8b465ee728b)  -> (artifact id: '4c32860e3795c1eea8ecb5151691484e') in 0.015152 seconds 
========================================================================
Received Import Request.
  Time since last request: 0.000146 seconds.
  path: Assets/Res/flappybird/fontM.mat
  artifactKey: Guid(111e27dcaadce0d4db555291de02d9fb) Importer(815301076,1909f56bfc062723c751e8b465ee728b)
Start importing Assets/Res/flappybird/fontM.mat using Guid(111e27dcaadce0d4db555291de02d9fb) Importer(815301076,1909f56bfc062723c751e8b465ee728b)  -> (artifact id: 'aa89fe2cddd3eab53c2847c9a7e64e63') in 0.017963 seconds 
========================================================================
Received Import Request.
  Time since last request: 0.000148 seconds.
  path: Assets/Res/flappybird/font_055.png
  artifactKey: Guid(cbedb346215623d4da4b3e9e034376a9) Importer(815301076,1909f56bfc062723c751e8b465ee728b)
Start importing Assets/Res/flappybird/font_055.png using Guid(cbedb346215623d4da4b3e9e034376a9) Importer(815301076,1909f56bfc062723c751e8b465ee728b)  -> (artifact id: '892875ee4bc20d80bbd445fdc8c71db5') in 0.015783 seconds 
========================================================================
Received Import Request.
  Time since last request: 0.000254 seconds.
  path: Assets/Res/flappybird/medals_3.png
  artifactKey: Guid(bdd569850242c4c499b23ccecec16b2c) Importer(815301076,1909f56bfc062723c751e8b465ee728b)
Start importing Assets/Res/flappybird/medals_3.png using Guid(bdd569850242c4c499b23ccecec16b2c) Importer(815301076,1909f56bfc062723c751e8b465ee728b)  -> (artifact id: 'e1ef07dd4713fe9607fe09f5d411e643') in 0.015172 seconds 
========================================================================
Received Import Request.
  Time since last request: 0.000143 seconds.
  path: Assets/Res/flappybird/font.fontsettings
  artifactKey: Guid(7bc5582992e870c48beabd1eabc877b8) Importer(815301076,1909f56bfc062723c751e8b465ee728b)
Start importing Assets/Res/flappybird/font.fontsettings using Guid(7bc5582992e870c48beabd1eabc877b8) Importer(815301076,1909f56bfc062723c751e8b465ee728b)  -> (artifact id: '33dff3d7b23b5e4d99799059ad847eb0') in 0.006430 seconds 
========================================================================
Received Import Request.
  Time since last request: 0.000120 seconds.
  path: Assets/Res/flappybird/button_ok.png
  artifactKey: Guid(035f742eaf6d5e044bfe76c949cd66fe) Importer(815301076,1909f56bfc062723c751e8b465ee728b)
Start importing Assets/Res/flappybird/button_ok.png using Guid(035f742eaf6d5e044bfe76c949cd66fe) Importer(815301076,1909f56bfc062723c751e8b465ee728b)  -> (artifact id: 'd5ec96e7f3054a25958a36cbf75b00ef') in 0.017191 seconds 
========================================================================
Received Import Request.
  Time since last request: 0.000140 seconds.
  path: Assets/Res/flappybird/new.png
  artifactKey: Guid(0779152f74cf9434f93ade414b252f2c) Importer(815301076,1909f56bfc062723c751e8b465ee728b)
Start importing Assets/Res/flappybird/new.png using Guid(0779152f74cf9434f93ade414b252f2c) Importer(815301076,1909f56bfc062723c751e8b465ee728b)  -> (artifact id: 'cc5fc4e4014417861a707b11a9ff4b3d') in 0.022179 seconds 
========================================================================
Received Import Request.
  Time since last request: 0.000105 seconds.
  path: Assets/Res/flappybird/land.png
  artifactKey: Guid(2412df05470b73842b32fc358b516a25) Importer(815301076,1909f56bfc062723c751e8b465ee728b)
Start importing Assets/Res/flappybird/land.png using Guid(2412df05470b73842b32fc358b516a25) Importer(815301076,1909f56bfc062723c751e8b465ee728b)  -> (artifact id: '87ef37a8bbfb1e36e12cadc65bbcffa6') in 0.017742 seconds 
========================================================================
Received Import Request.
  Time since last request: 0.000109 seconds.
  path: Assets/Res/flappybird/blink_00.png
  artifactKey: Guid(b2359b790a1a6224b9ad262411f10fc1) Importer(815301076,1909f56bfc062723c751e8b465ee728b)
Start importing Assets/Res/flappybird/blink_00.png using Guid(b2359b790a1a6224b9ad262411f10fc1) Importer(815301076,1909f56bfc062723c751e8b465ee728b)  -> (artifact id: '076e2e482d96c097e957f7faf0b07957') in 0.014259 seconds 
========================================================================
Received Import Request.
  Time since last request: 0.000113 seconds.
  path: Assets/Res/flappybird/font_057.png
  artifactKey: Guid(b13bbb199eee75b499323cf651e8ace1) Importer(815301076,1909f56bfc062723c751e8b465ee728b)
Start importing Assets/Res/flappybird/font_057.png using Guid(b13bbb199eee75b499323cf651e8ace1) Importer(815301076,1909f56bfc062723c751e8b465ee728b)  -> (artifact id: 'ba53c9f78e39fb0e702f6b68317c40b8') in 0.014245 seconds 
========================================================================
Received Import Request.
  Time since last request: 0.000124 seconds.
  path: Assets/Res/flappybird/number_context_02.png
  artifactKey: Guid(fb9dc62e3ab252647aa5e7e000e50511) Importer(815301076,1909f56bfc062723c751e8b465ee728b)
Start importing Assets/Res/flappybird/number_context_02.png using Guid(fb9dc62e3ab252647aa5e7e000e50511) Importer(815301076,1909f56bfc062723c751e8b465ee728b)  -> (artifact id: 'f04224e6c8a248cba84f523c01e0ee9d') in 0.017647 seconds 
========================================================================
Received Import Request.
  Time since last request: 0.000110 seconds.
  path: Assets/Res/flappybird/button_resume.png
  artifactKey: Guid(049b16b642f58bf4b99bd57b689cfffb) Importer(815301076,1909f56bfc062723c751e8b465ee728b)
Start importing Assets/Res/flappybird/button_resume.png using Guid(049b16b642f58bf4b99bd57b689cfffb) Importer(815301076,1909f56bfc062723c751e8b465ee728b)  -> (artifact id: '6e2f71c7808ef1624769cfcc9a243180') in 0.015640 seconds 
========================================================================
Received Import Request.
  Time since last request: 0.000140 seconds.
  path: Assets/Res/flappybird/bird2_0.png
  artifactKey: Guid(526fea7f8d9207245973b76826a1f0ee) Importer(815301076,1909f56bfc062723c751e8b465ee728b)
Start importing Assets/Res/flappybird/bird2_0.png using Guid(526fea7f8d9207245973b76826a1f0ee) Importer(815301076,1909f56bfc062723c751e8b465ee728b)  -> (artifact id: '072c920942ac177a0217cbeeaccb1e1e') in 0.015072 seconds 
========================================================================
Received Import Request.
  Time since last request: 0.000143 seconds.
  path: Assets/Res/flappybird/button_share.png
  artifactKey: Guid(62f37f7a594eb494fb37eace13407596) Importer(815301076,1909f56bfc062723c751e8b465ee728b)
Start importing Assets/Res/flappybird/button_share.png using Guid(62f37f7a594eb494fb37eace13407596) Importer(815301076,1909f56bfc062723c751e8b465ee728b)  -> (artifact id: '3fa2ccb7f1245d59654a9ffd65cb7d83') in 0.015416 seconds 
========================================================================
Received Import Request.
  Time since last request: 0.000130 seconds.
  path: Assets/Res/flappybird/number_score_02.png
  artifactKey: Guid(546203ffa7bd8e64b872f7ff4e418d3d) Importer(815301076,1909f56bfc062723c751e8b465ee728b)
Start importing Assets/Res/flappybird/number_score_02.png using Guid(546203ffa7bd8e64b872f7ff4e418d3d) Importer(815301076,1909f56bfc062723c751e8b465ee728b)  -> (artifact id: '3064c358e2c5d9ba04076268a2f60bc2') in 0.015474 seconds 
========================================================================
Received Import Request.
  Time since last request: 0.000135 seconds.
  path: Assets/Res/flappybird/bird0_2.png
  artifactKey: Guid(8df791fc5f8420b4fa261d72607d455a) Importer(815301076,1909f56bfc062723c751e8b465ee728b)
Start importing Assets/Res/flappybird/bird0_2.png using Guid(8df791fc5f8420b4fa261d72607d455a) Importer(815301076,1909f56bfc062723c751e8b465ee728b)  -> (artifact id: 'ef55bd0567f4e5ccd55e6949efd63ffc') in 0.016866 seconds 
========================================================================
Received Import Request.
  Time since last request: 0.000125 seconds.
  path: Assets/Res/flappybird/number_score_04.png
  artifactKey: Guid(2c2acc2c35185d0429477efffac7c577) Importer(815301076,1909f56bfc062723c751e8b465ee728b)
Start importing Assets/Res/flappybird/number_score_04.png using Guid(2c2acc2c35185d0429477efffac7c577) Importer(815301076,1909f56bfc062723c751e8b465ee728b)  -> (artifact id: 'e84d85a4f2edf753604375db2cb9e6fe') in 0.015173 seconds 
========================================================================
Received Import Request.
  Time since last request: 0.000147 seconds.
  path: Assets/Res/flappybird/font_050.png
  artifactKey: Guid(001971f470a36f8418eae4a01f0283f4) Importer(815301076,1909f56bfc062723c751e8b465ee728b)
Start importing Assets/Res/flappybird/font_050.png using Guid(001971f470a36f8418eae4a01f0283f4) Importer(815301076,1909f56bfc062723c751e8b465ee728b)  -> (artifact id: 'd00e64216eb4ebdb5eaf8455e78c3a16') in 0.013918 seconds 
========================================================================
Received Import Request.
  Time since last request: 0.000146 seconds.
  path: Assets/Res/flappybird/font_053.png
  artifactKey: Guid(b83b0eefa6abbda47909b90f0f88610b) Importer(815301076,1909f56bfc062723c751e8b465ee728b)
Start importing Assets/Res/flappybird/font_053.png using Guid(b83b0eefa6abbda47909b90f0f88610b) Importer(815301076,1909f56bfc062723c751e8b465ee728b)  -> (artifact id: 'b0f888edea7f586db1a4605e840ccfa1') in 0.013135 seconds 
========================================================================
Received Import Request.
  Time since last request: 0.000145 seconds.
  path: Assets/Res/flappybird/number_context_07.png
  artifactKey: Guid(1133932dda84bdd4ea1aa15d15e29220) Importer(815301076,1909f56bfc062723c751e8b465ee728b)
Start importing Assets/Res/flappybird/number_context_07.png using Guid(1133932dda84bdd4ea1aa15d15e29220) Importer(815301076,1909f56bfc062723c751e8b465ee728b)  -> (artifact id: '5c5fa1df993320166a2691e39847686b') in 0.013859 seconds 
========================================================================
Received Import Request.
  Time since last request: 0.000142 seconds.
  path: Assets/Res/flappybird/font_054.png
  artifactKey: Guid(4abf2bce12c84ad4b94283ca362c69b4) Importer(815301076,1909f56bfc062723c751e8b465ee728b)
Start importing Assets/Res/flappybird/font_054.png using Guid(4abf2bce12c84ad4b94283ca362c69b4) Importer(815301076,1909f56bfc062723c751e8b465ee728b)  -> (artifact id: 'cba165b34c2a4ff07ff415c95d42731f') in 0.014019 seconds 
========================================================================
Received Import Request.
  Time since last request: 0.000104 seconds.
  path: Assets/Res/flappybird/medals_0.png
  artifactKey: Guid(8c3a26daf4f6ade40931fd22d340ef28) Importer(815301076,1909f56bfc062723c751e8b465ee728b)
Start importing Assets/Res/flappybird/medals_0.png using Guid(8c3a26daf4f6ade40931fd22d340ef28) Importer(815301076,1909f56bfc062723c751e8b465ee728b)  -> (artifact id: '81a1990a847636f0fb12966c1b66fc8d') in 0.015811 seconds 
========================================================================
Received Import Request.
  Time since last request: 0.000136 seconds.
  path: Assets/Res/flappybird/number_context_01.png
  artifactKey: Guid(0f85b2f98735e8741ae54aa9c0ab3ec8) Importer(815301076,1909f56bfc062723c751e8b465ee728b)
Start importing Assets/Res/flappybird/number_context_01.png using Guid(0f85b2f98735e8741ae54aa9c0ab3ec8) Importer(815301076,1909f56bfc062723c751e8b465ee728b)  -> (artifact id: '82255c1b300e7ab13ebf8e8a0a876b41') in 0.013289 seconds 
========================================================================
Received Import Request.
  Time since last request: 0.000124 seconds.
  path: Assets/Res/flappybird/font_all-export.png
  artifactKey: Guid(faf56549b0a28714882e2a69271500bd) Importer(815301076,1909f56bfc062723c751e8b465ee728b)
Start importing Assets/Res/flappybird/font_all-export.png using Guid(faf56549b0a28714882e2a69271500bd) Importer(815301076,1909f56bfc062723c751e8b465ee728b)  -> (artifact id: 'a32d82a6483494a451b324d7c31c3ab9') in 0.013608 seconds 
========================================================================
Received Import Request.
  Time since last request: 0.000132 seconds.
  path: Assets/Res/flappybird/number_score_01.png
  artifactKey: Guid(e5225c1923c3b3a488fb2e93c97a986e) Importer(815301076,1909f56bfc062723c751e8b465ee728b)
Start importing Assets/Res/flappybird/number_score_01.png using Guid(e5225c1923c3b3a488fb2e93c97a986e) Importer(815301076,1909f56bfc062723c751e8b465ee728b)  -> (artifact id: '9ae3480387c6752fae5bd016ced2b515') in 0.015098 seconds 
========================================================================
Received Import Request.
  Time since last request: 0.000150 seconds.
  path: Assets/Res/flappybird/bird2_2.png
  artifactKey: Guid(72cb862792dd7fd4f8804f1adb810038) Importer(815301076,1909f56bfc062723c751e8b465ee728b)
Start importing Assets/Res/flappybird/bird2_2.png using Guid(72cb862792dd7fd4f8804f1adb810038) Importer(815301076,1909f56bfc062723c751e8b465ee728b)  -> (artifact id: '6118ef536a716937b9fd0db9c223a47e') in 0.015399 seconds 
========================================================================
Received Import Request.
  Time since last request: 0.000135 seconds.
  path: Assets/Res/flappybird/font_052.png
  artifactKey: Guid(874fec55881cfcc44ad30f7d6ca30ee0) Importer(815301076,1909f56bfc062723c751e8b465ee728b)
Start importing Assets/Res/flappybird/font_052.png using Guid(874fec55881cfcc44ad30f7d6ca30ee0) Importer(815301076,1909f56bfc062723c751e8b465ee728b)  -> (artifact id: '926a3fefeb1adcc43de28c1d906e1e4c') in 0.015167 seconds 
========================================================================
Received Import Request.
  Time since last request: 0.000124 seconds.
  path: Assets/Res/flappybird/bird0_1.png
  artifactKey: Guid(e4d3c13cbc42ef8459813f82135de9ca) Importer(815301076,1909f56bfc062723c751e8b465ee728b)
Start importing Assets/Res/flappybird/bird0_1.png using Guid(e4d3c13cbc42ef8459813f82135de9ca) Importer(815301076,1909f56bfc062723c751e8b465ee728b)  -> (artifact id: '85548dde2bea97752a8c8b961cd76f95') in 0.015195 seconds 
========================================================================
Received Import Request.
  Time since last request: 0.000126 seconds.
  path: Assets/Res/flappybird/bird2_1.png
  artifactKey: Guid(5673faecca4b4a7459d9792431148e7e) Importer(815301076,1909f56bfc062723c751e8b465ee728b)
Start importing Assets/Res/flappybird/bird2_1.png using Guid(5673faecca4b4a7459d9792431148e7e) Importer(815301076,1909f56bfc062723c751e8b465ee728b)  -> (artifact id: '6059726a17ee3e0165b42b3490f3def6') in 0.016016 seconds 
========================================================================
Received Import Request.
  Time since last request: 0.000142 seconds.
  path: Assets/Res/flappybird/blink_01.png
  artifactKey: Guid(2ae0cbeb7342daf49bfec839218d5f5d) Importer(815301076,1909f56bfc062723c751e8b465ee728b)
Start importing Assets/Res/flappybird/blink_01.png using Guid(2ae0cbeb7342daf49bfec839218d5f5d) Importer(815301076,1909f56bfc062723c751e8b465ee728b)  -> (artifact id: '8b0206787c5dd149d3824ab2de5336e1') in 0.015027 seconds 
========================================================================
Received Import Request.
  Time since last request: 0.000147 seconds.
  path: Assets/Res/flappybird/button_play.png
  artifactKey: Guid(c00be6bc0b4f56243b27160df0deee73) Importer(815301076,1909f56bfc062723c751e8b465ee728b)
Start importing Assets/Res/flappybird/button_play.png using Guid(c00be6bc0b4f56243b27160df0deee73) Importer(815301076,1909f56bfc062723c751e8b465ee728b)  -> (artifact id: '35257359fa4b52999e5a4c92f89181d9') in 0.017727 seconds 
========================================================================
Received Import Request.
  Time since last request: 0.000129 seconds.
  path: Assets/Res/flappybird/number_context_03.png
  artifactKey: Guid(5b05239062ba1cb41af05c3c44dcf7cb) Importer(815301076,1909f56bfc062723c751e8b465ee728b)
Start importing Assets/Res/flappybird/number_context_03.png using Guid(5b05239062ba1cb41af05c3c44dcf7cb) Importer(815301076,1909f56bfc062723c751e8b465ee728b)  -> (artifact id: '144ca58714db2d86f745a15490d528ef') in 0.015098 seconds 
========================================================================
Received Import Request.
  Time since last request: 0.000137 seconds.
  path: Assets/Res/flappybird/font_all.png
  artifactKey: Guid(9b432469687003e43acbf88dc8e396c1) Importer(815301076,1909f56bfc062723c751e8b465ee728b)
Start importing Assets/Res/flappybird/font_all.png using Guid(9b432469687003e43acbf88dc8e396c1) Importer(815301076,1909f56bfc062723c751e8b465ee728b)  -> (artifact id: '42064b8903c04fb075b329c5196f1688') in 0.013980 seconds 
========================================================================
Received Import Request.
  Time since last request: 0.000133 seconds.
  path: Assets/Res/flappybird/number_context_00.png
  artifactKey: Guid(d4a6c1731f8ddf04d80080d7374c7809) Importer(815301076,1909f56bfc062723c751e8b465ee728b)
Start importing Assets/Res/flappybird/number_context_00.png using Guid(d4a6c1731f8ddf04d80080d7374c7809) Importer(815301076,1909f56bfc062723c751e8b465ee728b)  -> (artifact id: '4b20887fccbf09629a6c5cc508e96840') in 0.016926 seconds 
========================================================================
Received Import Request.
  Time since last request: 0.000140 seconds.
  path: Assets/Res/flappybird/number_context_10.png
  artifactKey: Guid(815d1820e1eebb440b4d80299f4d8a4a) Importer(815301076,1909f56bfc062723c751e8b465ee728b)
Start importing Assets/Res/flappybird/number_context_10.png using Guid(815d1820e1eebb440b4d80299f4d8a4a) Importer(815301076,1909f56bfc062723c751e8b465ee728b)  -> (artifact id: 'ed10e47d392122bb932e7c235d2e1da7') in 0.014249 seconds 
========================================================================
Received Import Request.
  Time since last request: 0.000124 seconds.
  path: Assets/Res/flappybird/button_menu.png
  artifactKey: Guid(9da191005c9e37743ad68ad77b53277b) Importer(815301076,1909f56bfc062723c751e8b465ee728b)
Start importing Assets/Res/flappybird/button_menu.png using Guid(9da191005c9e37743ad68ad77b53277b) Importer(815301076,1909f56bfc062723c751e8b465ee728b)  -> (artifact id: 'b3e61187854e2a6d85248856ed3e9048') in 0.017075 seconds 
========================================================================
Received Import Request.
  Time since last request: 0.000148 seconds.
  path: Assets/Res/flappybird/number_score_03.png
  artifactKey: Guid(d132b10e069c05f40954bc80f9a195ce) Importer(815301076,1909f56bfc062723c751e8b465ee728b)
Start importing Assets/Res/flappybird/number_score_03.png using Guid(d132b10e069c05f40954bc80f9a195ce) Importer(815301076,1909f56bfc062723c751e8b465ee728b)  -> (artifact id: '4becfd512fdbf895b82990cf9a57d1ec') in 0.018568 seconds 
========================================================================
Received Import Request.
  Time since last request: 0.000135 seconds.
  path: Assets/Res/flappybird/bird1_1.png
  artifactKey: Guid(bb722b7ad4b33dc4db3b89867633b682) Importer(815301076,1909f56bfc062723c751e8b465ee728b)
Start importing Assets/Res/flappybird/bird1_1.png using Guid(bb722b7ad4b33dc4db3b89867633b682) Importer(815301076,1909f56bfc062723c751e8b465ee728b)  -> (artifact id: '57c59dd1a7697f1dfc40ba434d14ce18') in 0.018137 seconds 
========================================================================
Received Import Request.
  Time since last request: 0.000123 seconds.
  path: Assets/Res/flappybird/black.png
  artifactKey: Guid(9e9fdc20cf353f34089ef1f59108981b) Importer(815301076,1909f56bfc062723c751e8b465ee728b)
Start importing Assets/Res/flappybird/black.png using Guid(9e9fdc20cf353f34089ef1f59108981b) Importer(815301076,1909f56bfc062723c751e8b465ee728b)  -> (artifact id: 'd5292b849acac1158322ff06752ee0f0') in 0.016120 seconds 
========================================================================
Received Import Request.
  Time since last request: 0.000143 seconds.
  path: Assets/Res/flappybird/button_pause.png
  artifactKey: Guid(f7587a7a2f3293d4db96a385db970d6e) Importer(815301076,1909f56bfc062723c751e8b465ee728b)
Start importing Assets/Res/flappybird/button_pause.png using Guid(f7587a7a2f3293d4db96a385db970d6e) Importer(815301076,1909f56bfc062723c751e8b465ee728b)  -> (artifact id: '8dc8886cf683c1072eca00a6aedfac04') in 0.013952 seconds 
========================================================================
Received Import Request.
  Time since last request: 0.000134 seconds.
  path: Assets/Res/flappybird/font_051.png
  artifactKey: Guid(ac454cb0ab099ca429d306dcf0ae7820) Importer(815301076,1909f56bfc062723c751e8b465ee728b)
Start importing Assets/Res/flappybird/font_051.png using Guid(ac454cb0ab099ca429d306dcf0ae7820) Importer(815301076,1909f56bfc062723c751e8b465ee728b)  -> (artifact id: 'aabb3a88a272afbdc63f423a5b2aeee1') in 0.015615 seconds 
========================================================================
Received Import Request.
  Time since last request: 0.000137 seconds.
  path: Assets/Res/flappybird/bird1_0.png
  artifactKey: Guid(02e152b67ab09104fa8bec2e74802164) Importer(815301076,1909f56bfc062723c751e8b465ee728b)
Start importing Assets/Res/flappybird/bird1_0.png using Guid(02e152b67ab09104fa8bec2e74802164) Importer(815301076,1909f56bfc062723c751e8b465ee728b)  -> (artifact id: '327f7cd1ba37bdf9623b2487b53484a2') in 0.014535 seconds 
========================================================================
Received Import Request.
  Time since last request: 0.000133 seconds.
  path: Assets/Res/flappybird/bird0_0.png
  artifactKey: Guid(63a1404a1b1400645a8815a2b62e1192) Importer(815301076,1909f56bfc062723c751e8b465ee728b)
Start importing Assets/Res/flappybird/bird0_0.png using Guid(63a1404a1b1400645a8815a2b62e1192) Importer(815301076,1909f56bfc062723c751e8b465ee728b)  -> (artifact id: '7548d29fe3fb71e2e030bea1de89624a') in 0.013840 seconds 
========================================================================
Received Import Request.
  Time since last request: 0.000114 seconds.
  path: Assets/Res/flappybird/number_context_05.png
  artifactKey: Guid(46e66c872f6861e47887015c7bc801db) Importer(815301076,1909f56bfc062723c751e8b465ee728b)
Start importing Assets/Res/flappybird/number_context_05.png using Guid(46e66c872f6861e47887015c7bc801db) Importer(815301076,1909f56bfc062723c751e8b465ee728b)  -> (artifact id: '3359ec04ded6e396a523601c974fd24d') in 0.014937 seconds 
========================================================================
Received Import Request.
  Time since last request: 0.000150 seconds.
  path: Assets/Res/flappybird/font_048.png
  artifactKey: Guid(e5d998ffc4ff48943a4afe5920cffedf) Importer(815301076,1909f56bfc062723c751e8b465ee728b)
Start importing Assets/Res/flappybird/font_048.png using Guid(e5d998ffc4ff48943a4afe5920cffedf) Importer(815301076,1909f56bfc062723c751e8b465ee728b)  -> (artifact id: 'f8c05eca066b3112771d50ae345389d3') in 0.015608 seconds 
========================================================================
Received Import Request.
  Time since last request: 0.000108 seconds.
  path: Assets/Res/flappybird/button_score.png
  artifactKey: Guid(7b3fa02baf2114e4981e39b25ee125bc) Importer(815301076,1909f56bfc062723c751e8b465ee728b)
Start importing Assets/Res/flappybird/button_score.png using Guid(7b3fa02baf2114e4981e39b25ee125bc) Importer(815301076,1909f56bfc062723c751e8b465ee728b)  -> (artifact id: 'f106ed098c6ab392a924c0bd5d851d30') in 0.014973 seconds 
========================================================================
Received Import Request.
  Time since last request: 0.000134 seconds.
  path: Assets/Res/flappybird/number_score_00.png
  artifactKey: Guid(c636b7a7f5ef056449a5ae24be988195) Importer(815301076,1909f56bfc062723c751e8b465ee728b)
Start importing Assets/Res/flappybird/number_score_00.png using Guid(c636b7a7f5ef056449a5ae24be988195) Importer(815301076,1909f56bfc062723c751e8b465ee728b)  -> (artifact id: 'b8a419de0fb91682e9a5e8da0838f2dd') in 0.015859 seconds 
========================================================================
Received Import Request.
  Time since last request: 0.000146 seconds.
  path: Assets/Res/flappybird/font_049.png
  artifactKey: Guid(d2ed443a9bc913f4c96de6f8fa5b50b0) Importer(815301076,1909f56bfc062723c751e8b465ee728b)
Start importing Assets/Res/flappybird/font_049.png using Guid(d2ed443a9bc913f4c96de6f8fa5b50b0) Importer(815301076,1909f56bfc062723c751e8b465ee728b)  -> (artifact id: '5e9dca5765e6f89e20489cf5bff9f675') in 0.015761 seconds 
========================================================================
Received Import Request.
  Time since last request: 0.000146 seconds.
  path: Assets/Res/flappybird/medals_2.png
  artifactKey: Guid(2238a35c87444da4f9f0b1854dfdb9f2) Importer(815301076,1909f56bfc062723c751e8b465ee728b)
Start importing Assets/Res/flappybird/medals_2.png using Guid(2238a35c87444da4f9f0b1854dfdb9f2) Importer(815301076,1909f56bfc062723c751e8b465ee728b)  -> (artifact id: '8bff36273621bb72782fb831953669d9') in 0.014085 seconds 
========================================================================
Received Import Request.
  Time since last request: 0.000140 seconds.
  path: Assets/Res/flappybird/blink_02.png
  artifactKey: Guid(f08f7cf6fd8d8524d87bd62867f55f3e) Importer(815301076,1909f56bfc062723c751e8b465ee728b)
Start importing Assets/Res/flappybird/blink_02.png using Guid(f08f7cf6fd8d8524d87bd62867f55f3e) Importer(815301076,1909f56bfc062723c751e8b465ee728b)  -> (artifact id: 'e39144aeb52e8fc1c2dcaa1db28ee33a') in 0.013303 seconds 
========================================================================
Received Import Request.
  Time since last request: 0.000135 seconds.
  path: Assets/Res/flappybird/font_056.png
  artifactKey: Guid(ecdbbc6a16823914a9dec1808765ad74) Importer(815301076,1909f56bfc062723c751e8b465ee728b)
Start importing Assets/Res/flappybird/font_056.png using Guid(ecdbbc6a16823914a9dec1808765ad74) Importer(815301076,1909f56bfc062723c751e8b465ee728b)  -> (artifact id: '984c7aca0f5f6fbc310c9e581f11ac1c') in 0.016104 seconds 
========================================================================
Received Import Request.
  Time since last request: 0.000127 seconds.
  path: Assets/Res/flappybird/number_context_09.png
  artifactKey: Guid(edc4c29ad694e4b4f97153f8618ded8f) Importer(815301076,1909f56bfc062723c751e8b465ee728b)
Start importing Assets/Res/flappybird/number_context_09.png using Guid(edc4c29ad694e4b4f97153f8618ded8f) Importer(815301076,1909f56bfc062723c751e8b465ee728b)  -> (artifact id: 'fd003c7f97f2d23605601120ca3b13d1') in 0.014166 seconds 
========================================================================
Received Import Request.
  Time since last request: 0.000146 seconds.
  path: Assets/Res/flappybird/medals_1.png
  artifactKey: Guid(52882ec48066228419d82889c7f371d8) Importer(815301076,1909f56bfc062723c751e8b465ee728b)
Start importing Assets/Res/flappybird/medals_1.png using Guid(52882ec48066228419d82889c7f371d8) Importer(815301076,1909f56bfc062723c751e8b465ee728b)  -> (artifact id: '5c7a9b9b649c548e085d6562f7e30709') in 0.015326 seconds 
========================================================================
Received Import Request.
  Time since last request: 0.000138 seconds.
  path: Assets/Res/flappybird/number_context_04.png
  artifactKey: Guid(6a66c22f0b3f63046bccef6a95bc40c7) Importer(815301076,1909f56bfc062723c751e8b465ee728b)
Start importing Assets/Res/flappybird/number_context_04.png using Guid(6a66c22f0b3f63046bccef6a95bc40c7) Importer(815301076,1909f56bfc062723c751e8b465ee728b)  -> (artifact id: '17347eea9439ff644ad30a07f7d9850c') in 0.016449 seconds 
========================================================================
Received Import Request.
  Time since last request: 0.000140 seconds.
  path: Assets/Res/flappybird/number_context_06.png
  artifactKey: Guid(70bc4ed0a070b41469bef6a752c09c79) Importer(815301076,1909f56bfc062723c751e8b465ee728b)
Start importing Assets/Res/flappybird/number_context_06.png using Guid(70bc4ed0a070b41469bef6a752c09c79) Importer(815301076,1909f56bfc062723c751e8b465ee728b)  -> (artifact id: '1baafbda51d7e5d7bedc80358a15a122') in 0.016284 seconds 
========================================================================
Received Import Request.
  Time since last request: 0.000140 seconds.
  path: Assets/Res/flappybird/number_context_08.png
  artifactKey: Guid(95438bec15f1d5e4f9a71f47ec808eac) Importer(815301076,1909f56bfc062723c751e8b465ee728b)
Start importing Assets/Res/flappybird/number_context_08.png using Guid(95438bec15f1d5e4f9a71f47ec808eac) Importer(815301076,1909f56bfc062723c751e8b465ee728b)  -> (artifact id: 'e10a4bebdb5340c2a8a356f96941373b') in 0.013799 seconds 
========================================================================
Received Import Request.
  Time since last request: 0.000158 seconds.
  path: Assets/Res/flappybird/bg_night.png
  artifactKey: Guid(dca2df3c6c2401a44a28044a82d22828) Importer(815301076,1909f56bfc062723c751e8b465ee728b)
Start importing Assets/Res/flappybird/bg_night.png using Guid(dca2df3c6c2401a44a28044a82d22828) Importer(815301076,1909f56bfc062723c751e8b465ee728b)  -> (artifact id: 'd8bd6b8101960087cd3a8d99e5762820') in 0.022058 seconds 
========================================================================
Received Import Request.
  Time since last request: 1.416927 seconds.
  path: Assets/Materials/bg_day.png
  artifactKey: Guid(2d6a4dcf35480f646b9a6b5963d0126e) Importer(815301076,1909f56bfc062723c751e8b465ee728b)
Start importing Assets/Materials/bg_day.png using Guid(2d6a4dcf35480f646b9a6b5963d0126e) Importer(815301076,1909f56bfc062723c751e8b465ee728b)  -> (artifact id: 'fa7208886d2e7a283b5dc4fb982d6848') in 0.014218 seconds 
========================================================================
Received Import Request.
  Time since last request: 0.000150 seconds.
  path: Assets/Materials/Right Wall.mat
  artifactKey: Guid(600586c9f54ccbb4ca7b03928d84d597) Importer(815301076,1909f56bfc062723c751e8b465ee728b)
Start importing Assets/Materials/Right Wall.mat using Guid(600586c9f54ccbb4ca7b03928d84d597) Importer(815301076,1909f56bfc062723c751e8b465ee728b)  -> (artifact id: 'bfd5efa32d11c8c0e1f5bd9e4ce523b2') in 0.015988 seconds 
========================================================================
Received Import Request.
  Time since last request: 0.000152 seconds.
  path: Assets/Materials/tileChao.jpg
  artifactKey: Guid(72e61ab6535f9e64f8cf6e54eaee1ff9) Importer(815301076,1909f56bfc062723c751e8b465ee728b)
Start importing Assets/Materials/tileChao.jpg using Guid(72e61ab6535f9e64f8cf6e54eaee1ff9) Importer(815301076,1909f56bfc062723c751e8b465ee728b)  -> (artifact id: '0800f4c677e043ffd70c969a5577cb24') in 0.018135 seconds 
========================================================================
Received Import Request.
  Time since last request: 0.000118 seconds.
  path: Assets/Materials/Left Wall.mat
  artifactKey: Guid(ad4a795a1de8f9a4aa3af288dbf024ac) Importer(815301076,1909f56bfc062723c751e8b465ee728b)
Start importing Assets/Materials/Left Wall.mat using Guid(ad4a795a1de8f9a4aa3af288dbf024ac) Importer(815301076,1909f56bfc062723c751e8b465ee728b)  -> (artifact id: 'd3512499b7ab32cacb53a5ccbf30e9d9') in 0.016175 seconds 
========================================================================
Received Import Request.
  Time since last request: 0.000129 seconds.
  path: Assets/Materials/Texture Base.png
  artifactKey: Guid(349c79e9861e3d44095bb881ccf2979c) Importer(815301076,1909f56bfc062723c751e8b465ee728b)
Start importing Assets/Materials/Texture Base.png using Guid(349c79e9861e3d44095bb881ccf2979c) Importer(815301076,1909f56bfc062723c751e8b465ee728b)  -> (artifact id: '6b67a782a0975cbe75c4f7ffe9a17e42') in 0.013377 seconds 
========================================================================
Received Import Request.
  Time since last request: 0.000133 seconds.
  path: Assets/Materials/Texture Normal.png
  artifactKey: Guid(aae3f50cbaba2a24bad05aaea29b3f63) Importer(815301076,1909f56bfc062723c751e8b465ee728b)
Start importing Assets/Materials/Texture Normal.png using Guid(aae3f50cbaba2a24bad05aaea29b3f63) Importer(815301076,1909f56bfc062723c751e8b465ee728b)  -> (artifact id: '91b2234dea15613092540ae4cf25f6d2') in 0.015834 seconds 
========================================================================
Received Import Request.
  Time since last request: 0.000106 seconds.
  path: Assets/Materials/tileChao.mat
  artifactKey: Guid(c392f9e85dc906d4aa136cb545d2580a) Importer(815301076,1909f56bfc062723c751e8b465ee728b)
Start importing Assets/Materials/tileChao.mat using Guid(c392f9e85dc906d4aa136cb545d2580a) Importer(815301076,1909f56bfc062723c751e8b465ee728b)  -> (artifact id: '148287a876c9fe0e7f2f6d2a866bb7c8') in 0.015227 seconds 
========================================================================
Received Import Request.
  Time since last request: 8.173506 seconds.
  path: Assets/Materials/maya2sketchfab.fbx
  artifactKey: Guid(87215fd7582f09645a46f06362d09d7d) Importer(815301076,1909f56bfc062723c751e8b465ee728b)
Start importing Assets/Materials/maya2sketchfab.fbx using Guid(87215fd7582f09645a46f06362d09d7d) Importer(815301076,1909f56bfc062723c751e8b465ee728b)  -> (artifact id: 'ab5ba8bf92c2a748be082977d81eb235') in 0.033892 seconds 
========================================================================
Received Import Request.
  Time since last request: 101.664740 seconds.
  path: Assets/Materials/maya2sketchfab.fbx
  artifactKey: Guid(87215fd7582f09645a46f06362d09d7d) Importer(815301076,1909f56bfc062723c751e8b465ee728b)
Start importing Assets/Materials/maya2sketchfab.fbx using Guid(87215fd7582f09645a46f06362d09d7d) Importer(815301076,1909f56bfc062723c751e8b465ee728b)  -> (artifact id: 'efff69f834f6fab4e8e2980db3e7b078') in 0.040821 seconds 
========================================================================
Received Import Request.
  Time since last request: 11.400036 seconds.
  path: Assets/Materials/maya2sketchfab.fbm
  artifactKey: Guid(f638d8e8504916f4bafe891848b6b90c) Importer(815301076,1909f56bfc062723c751e8b465ee728b)
Start importing Assets/Materials/maya2sketchfab.fbm using Guid(f638d8e8504916f4bafe891848b6b90c) Importer(815301076,1909f56bfc062723c751e8b465ee728b)  -> (artifact id: '370adfe3507a06628b2a638db1c361d2') in 0.005306 seconds 
========================================================================
Received Import Request.
  Time since last request: 0.851043 seconds.
  path: Assets/Materials/maya2sketchfab.fbm/Back_corrected.psd
  artifactKey: Guid(d1f3440788dbbfa4695d8ce732d4f769) Importer(815301076,1909f56bfc062723c751e8b465ee728b)
Start importing Assets/Materials/maya2sketchfab.fbm/Back_corrected.psd using Guid(d1f3440788dbbfa4695d8ce732d4f769) Importer(815301076,1909f56bfc062723c751e8b465ee728b)  -> (artifact id: '00000000000000000000000000000000') in 0.016738 seconds  code(4) message(Build asset version error: assets/materials/maya2sketchfab.fbm/back_corrected.psd in SourceAssetDB has modification time of '2021-04-07T22:46:39.202912Z' while content on disk has modification time of '2021-04-07T22:46:39.6668039Z')
  ERROR: Build asset version error: assets/materials/maya2sketchfab.fbm/back_corrected.psd in SourceAssetDB has modification time of '2021-04-07T22:46:39.202912Z' while content on disk has modification time of '2021-04-07T22:46:39.6668039Z'
========================================================================
Received Import Request.
  Time since last request: 0.000176 seconds.
  path: Assets/Materials/maya2sketchfab.fbm/Tail UV_trail1.psd
  artifactKey: Guid(61b576de90806034bba9eaf5a9c8b954) Importer(815301076,1909f56bfc062723c751e8b465ee728b)
Start importing Assets/Materials/maya2sketchfab.fbm/Tail UV_trail1.psd using Guid(61b576de90806034bba9eaf5a9c8b954) Importer(815301076,1909f56bfc062723c751e8b465ee728b)  -> (artifact id: '00000000000000000000000000000000') in 0.010557 seconds  code(4) message(Build asset version error: assets/materials/maya2sketchfab.fbm/tail uv_trail1.psd in SourceAssetDB has modification time of '2021-04-07T22:46:39.212915Z' while content on disk has modification time of '2021-04-07T22:46:39.6778068Z')
  ERROR: Build asset version error: assets/materials/maya2sketchfab.fbm/tail uv_trail1.psd in SourceAssetDB has modification time of '2021-04-07T22:46:39.212915Z' while content on disk has modification time of '2021-04-07T22:46:39.6778068Z'
========================================================================
Received Import Request.
  Time since last request: 9.811340 seconds.
  path: Assets/Materials/Materials/Back_corrected.mat
  artifactKey: Guid(5dc02ceead8958849b66889ccf4308b8) Importer(815301076,1909f56bfc062723c751e8b465ee728b)
Start importing Assets/Materials/Materials/Back_corrected.mat using Guid(5dc02ceead8958849b66889ccf4308b8) Importer(815301076,1909f56bfc062723c751e8b465ee728b)  -> (artifact id: '060169b73f063bfa585230dcfc8ca247') in 0.013997 seconds 
========================================================================
Received Import Request.
  Time since last request: 0.000149 seconds.
  path: Assets/Materials/Materials/Tail UV_trail1.mat
  artifactKey: Guid(4e0d00be27aaf7b4a936d8f50236e193) Importer(815301076,1909f56bfc062723c751e8b465ee728b)
Start importing Assets/Materials/Materials/Tail UV_trail1.mat using Guid(4e0d00be27aaf7b4a936d8f50236e193) Importer(815301076,1909f56bfc062723c751e8b465ee728b)  -> (artifact id: 'b2bb46b152010c2e700a13bec19672e6') in 0.018039 seconds 
========================================================================
Received Import Request.
  Time since last request: 9.686087 seconds.
  path: Assets/Model/maya2sketchfab.fbx
  artifactKey: Guid(87215fd7582f09645a46f06362d09d7d) Importer(815301076,1909f56bfc062723c751e8b465ee728b)
Start importing Assets/Model/maya2sketchfab.fbx using Guid(87215fd7582f09645a46f06362d09d7d) Importer(815301076,1909f56bfc062723c751e8b465ee728b)  -> (artifact id: '37bbff777b578cc2e5f2a7c434522daa') in 0.032835 seconds 
========================================================================
Received Import Request.
  Time since last request: 2.792769 seconds.
  path: Assets/Model/maya2sketchfab.fbx
  artifactKey: Guid(87215fd7582f09645a46f06362d09d7d) Importer(815301076,1909f56bfc062723c751e8b465ee728b)
Start importing Assets/Model/maya2sketchfab.fbx using Guid(87215fd7582f09645a46f06362d09d7d) Importer(815301076,1909f56bfc062723c751e8b465ee728b)  -> (artifact id: '44f51ac6283e49821e51ed1ab6908b9b') in 0.028678 seconds 
========================================================================
Received Prepare
Registering precompiled user dll's ...
Registered in 0.002158 seconds.
Begin MonoManager ReloadAssembly
Native extension for WindowsStandalone target not found
Refreshing native plugins compatible for Editor in 0.45 ms, found 1 plugins.
Preloading 0 native plugins for Editor in 0.00 ms.
Unable to allocate new scene culling mask
UnityEngine.StackTraceUtility:ExtractStackTrace ()
UnityEditor.SceneManagement.EditorSceneManager:NewPreviewScene (bool)
UnityEditor.SceneManagement.EditorSceneManager:NewPreviewScene ()
UnityEditor.PreviewScene:.ctor (string)
UnityEditor.PreviewRenderUtility:.ctor ()
UnityEditor.Texture3DPreview:InitPreviewUtility ()
UnityEditor.Texture3DPreview:OnEnable ()

[C:\buildslave\unity\build\Editor/Src/SceneManager/EditorSceneManager.cpp line 672]

Unable to allocate new scene culling mask
UnityEngine.StackTraceUtility:ExtractStackTrace ()
UnityEditor.SceneManagement.EditorSceneManager:NewPreviewScene (bool)
UnityEditor.SceneManagement.EditorSceneManager:NewPreviewScene ()
UnityEditor.PreviewScene:.ctor (string)
UnityEditor.PreviewRenderUtility:.ctor ()
UnityEditor.Texture3DPreview:InitPreviewUtility ()
UnityEditor.Texture3DPreview:OnEnable ()

[C:\buildslave\unity\build\Editor/Src/SceneManager/EditorSceneManager.cpp line 672]

Unable to allocate new scene culling mask
UnityEngine.StackTraceUtility:ExtractStackTrace ()
UnityEditor.SceneManagement.EditorSceneManager:NewPreviewScene (bool)
UnityEditor.SceneManagement.EditorSceneManager:NewPreviewScene ()
UnityEditor.PreviewScene:.ctor (string)
UnityEditor.PreviewRenderUtility:.ctor ()
UnityEditor.Texture3DPreview:InitPreviewUtility ()
UnityEditor.Texture3DPreview:OnEnable ()

[C:\buildslave\unity\build\Editor/Src/SceneManager/EditorSceneManager.cpp line 672]

Unable to allocate new scene culling mask
UnityEngine.StackTraceUtility:ExtractStackTrace ()
UnityEditor.SceneManagement.EditorSceneManager:NewPreviewScene (bool)
UnityEditor.SceneManagement.EditorSceneManager:NewPreviewScene ()
UnityEditor.PreviewScene:.ctor (string)
UnityEditor.PreviewRenderUtility:.ctor ()
UnityEditor.Texture3DPreview:InitPreviewUtility ()
UnityEditor.Texture3DPreview:OnEnable ()

[C:\buildslave\unity\build\Editor/Src/SceneManager/EditorSceneManager.cpp line 672]

Mono: successfully reloaded assembly
- Completed reload, in  0.687 seconds
Platform modules already initialized, skipping
Refreshing native plugins compatible for Editor in 0.47 ms, found 1 plugins.
Preloading 0 native plugins for Editor in 0.00 ms.
Unloading 2736 Unused Serialized files (Serialized files now loaded: 0)
System memory in use before: 171.2 MB.
System memory in use after: 171.4 MB.

Unloading 11 unused Assets to reduce memory usage. Loaded Objects now: 4223.
Total: 2.213800 ms (FindLiveObjects: 0.289900 ms CreateObjectMapping: 0.075300 ms MarkObjects: 1.831900 ms  DeleteObjects: 0.015700 ms)

========================================================================
Received Import Request.
  Time since last request: 64.320643 seconds.
  path: Assets/Model/maya2sketchfab.fbx
  artifactKey: Guid(87215fd7582f09645a46f06362d09d7d) Importer(815301076,1909f56bfc062723c751e8b465ee728b)
Start importing Assets/Model/maya2sketchfab.fbx using Guid(87215fd7582f09645a46f06362d09d7d) Importer(815301076,1909f56bfc062723c751e8b465ee728b) Unable to allocate new scene culling mask
UnityEngine.StackTraceUtility:ExtractStackTrace ()
UnityEditor.SceneManagement.EditorSceneManager:NewPreviewScene (bool)
UnityEditor.SceneManagement.EditorSceneManager:NewPreviewScene ()
UnityEditor.PreviewScene:.ctor (string)
UnityEditor.PreviewRenderUtility:.ctor ()
UnityEditor.GameObjectInspector/PreviewData:.ctor (UnityEngine.Object)
UnityEditor.GameObjectInspector:GetPreviewData ()
UnityEditor.GameObjectInspector:RenderStaticPreview (string,UnityEngine.Object[],int,int)
UnityEditor.AssetPreviewUpdater:CreatePreview (UnityEngine.Object,UnityEngine.Object[],string,int,int)
UnityEditor.AssetPreviewUpdater:CreatePreviewForAsset (UnityEngine.Object,UnityEngine.Object[],string)

[C:\buildslave\unity\build\Editor/Src/SceneManager/EditorSceneManager.cpp line 672]

Unable to allocate new scene culling mask
UnityEngine.StackTraceUtility:ExtractStackTrace ()
UnityEditor.SceneManagement.EditorSceneManager:NewPreviewScene (bool)
UnityEditor.SceneManagement.EditorSceneManager:NewPreviewScene ()
UnityEditor.PreviewScene:.ctor (string)
UnityEditor.PreviewRenderUtility:.ctor ()
UnityEditor.GameObjectInspector/PreviewData:.ctor (UnityEngine.Object)
UnityEditor.GameObjectInspector:GetPreviewData ()
UnityEditor.GameObjectInspector:RenderStaticPreview (string,UnityEngine.Object[],int,int)
UnityEditor.AssetPreviewUpdater:CreatePreview (UnityEngine.Object,UnityEngine.Object[],string,int,int)
UnityEditor.AssetPreviewUpdater:CreatePreviewForAsset (UnityEngine.Object,UnityEngine.Object[],string)

[C:\buildslave\unity\build\Editor/Src/SceneManager/EditorSceneManager.cpp line 672]

Unable to allocate new scene culling mask
UnityEngine.StackTraceUtility:ExtractStackTrace ()
UnityEditor.SceneManagement.EditorSceneManager:NewPreviewScene (bool)
UnityEditor.SceneManagement.EditorSceneManager:NewPreviewScene ()
UnityEditor.PreviewScene:.ctor (string)
UnityEditor.PreviewRenderUtility:.ctor ()
UnityEditor.MeshPreview:.ctor (UnityEngine.Mesh)
UnityEditor.ModelInspector:OnEnable ()
UnityEditor.Editor:CreateEditorWithContext (UnityEngine.Object[],UnityEngine.Object,System.Type)
UnityEditor.Editor:CreateEditor (UnityEngine.Object,System.Type)
UnityEditor.Editor:CreateEditor (UnityEngine.Object)
UnityEditor.AssetPreviewUpdater:CreatePreview (UnityEngine.Object,UnityEngine.Object[],string,int,int)
UnityEditor.AssetPreviewUpdater:CreatePreviewForAsset (UnityEngine.Object,UnityEngine.Object[],string)

[C:\buildslave\unity\build\Editor/Src/SceneManager/EditorSceneManager.cpp line 672]

 -> (artifact id: 'cd2727ddeec30155da21ad7704f9f717') in 0.072296 seconds 
========================================================================
Received Prepare
Registering precompiled user dll's ...
Registered in 0.002061 seconds.
Begin MonoManager ReloadAssembly
Native extension for WindowsStandalone target not found
Refreshing native plugins compatible for Editor in 0.56 ms, found 1 plugins.
Preloading 0 native plugins for Editor in 0.00 ms.
Unable to allocate new scene culling mask
UnityEngine.StackTraceUtility:ExtractStackTrace ()
UnityEditor.SceneManagement.EditorSceneManager:NewPreviewScene (bool)
UnityEditor.SceneManagement.EditorSceneManager:NewPreviewScene ()
UnityEditor.PreviewScene:.ctor (string)
UnityEditor.PreviewRenderUtility:.ctor ()
UnityEditor.Texture3DPreview:InitPreviewUtility ()
UnityEditor.Texture3DPreview:OnEnable ()

[C:\buildslave\unity\build\Editor/Src/SceneManager/EditorSceneManager.cpp line 672]

Unable to allocate new scene culling mask
UnityEngine.StackTraceUtility:ExtractStackTrace ()
UnityEditor.SceneManagement.EditorSceneManager:NewPreviewScene (bool)
UnityEditor.SceneManagement.EditorSceneManager:NewPreviewScene ()
UnityEditor.PreviewScene:.ctor (string)
UnityEditor.PreviewRenderUtility:.ctor ()
UnityEditor.Texture3DPreview:InitPreviewUtility ()
UnityEditor.Texture3DPreview:OnEnable ()

[C:\buildslave\unity\build\Editor/Src/SceneManager/EditorSceneManager.cpp line 672]

Unable to allocate new scene culling mask
UnityEngine.StackTraceUtility:ExtractStackTrace ()
UnityEditor.SceneManagement.EditorSceneManager:NewPreviewScene (bool)
UnityEditor.SceneManagement.EditorSceneManager:NewPreviewScene ()
UnityEditor.PreviewScene:.ctor (string)
UnityEditor.PreviewRenderUtility:.ctor ()
UnityEditor.Texture3DPreview:InitPreviewUtility ()
UnityEditor.Texture3DPreview:OnEnable ()

[C:\buildslave\unity\build\Editor/Src/SceneManager/EditorSceneManager.cpp line 672]

Unable to allocate new scene culling mask
UnityEngine.StackTraceUtility:ExtractStackTrace ()
UnityEditor.SceneManagement.EditorSceneManager:NewPreviewScene (bool)
UnityEditor.SceneManagement.EditorSceneManager:NewPreviewScene ()
UnityEditor.PreviewScene:.ctor (string)
UnityEditor.PreviewRenderUtility:.ctor ()
UnityEditor.Texture3DPreview:InitPreviewUtility ()
UnityEditor.Texture3DPreview:OnEnable ()

[C:\buildslave\unity\build\Editor/Src/SceneManager/EditorSceneManager.cpp line 672]

Mono: successfully reloaded assembly
- Completed reload, in  0.671 seconds
Platform modules already initialized, skipping
Refreshing native plugins compatible for Editor in 0.46 ms, found 1 plugins.
Preloading 0 native plugins for Editor in 0.00 ms.
Unloading 2671 Unused Serialized files (Serialized files now loaded: 0)
System memory in use before: 168.5 MB.
System memory in use after: 168.8 MB.

Unloading 11 unused Assets to reduce memory usage. Loaded Objects now: 4226.
Total: 2.270300 ms (FindLiveObjects: 0.295500 ms CreateObjectMapping: 0.083200 ms MarkObjects: 1.874200 ms  DeleteObjects: 0.016600 ms)

========================================================================
Received Import Request.
  Time since last request: 87.970286 seconds.
  path: Assets/Scenes/SampleScene.unity
  artifactKey: Guid(9fc0d4010bbf28b4594072e72b8655ab) Importer(815301076,1909f56bfc062723c751e8b465ee728b)
Start importing Assets/Scenes/SampleScene.unity using Guid(9fc0d4010bbf28b4594072e72b8655ab) Importer(815301076,1909f56bfc062723c751e8b465ee728b)  -> (artifact id: 'a0eda00fbc6a7811ae3e3a60f098c110') in 0.014933 seconds 
========================================================================
Received Import Request.
  Time since last request: 11.561216 seconds.
  path: Assets/Scenes/MainScene.unity
  artifactKey: Guid(9fc0d4010bbf28b4594072e72b8655ab) Importer(815301076,1909f56bfc062723c751e8b465ee728b)
Start importing Assets/Scenes/MainScene.unity using Guid(9fc0d4010bbf28b4594072e72b8655ab) Importer(815301076,1909f56bfc062723c751e8b465ee728b)  -> (artifact id: '18cbf50c1c12db3bdefc183c7d95405a') in 0.005869 seconds 
========================================================================
Received Prepare
Registering precompiled user dll's ...
Registered in 0.002129 seconds.
Begin MonoManager ReloadAssembly
Native extension for WindowsStandalone target not found
Refreshing native plugins compatible for Editor in 0.48 ms, found 1 plugins.
Preloading 0 native plugins for Editor in 0.00 ms.
Unable to allocate new scene culling mask
UnityEngine.StackTraceUtility:ExtractStackTrace ()
UnityEditor.SceneManagement.EditorSceneManager:NewPreviewScene (bool)
UnityEditor.SceneManagement.EditorSceneManager:NewPreviewScene ()
UnityEditor.PreviewScene:.ctor (string)
UnityEditor.PreviewRenderUtility:.ctor ()
UnityEditor.Texture3DPreview:InitPreviewUtility ()
UnityEditor.Texture3DPreview:OnEnable ()

[C:\buildslave\unity\build\Editor/Src/SceneManager/EditorSceneManager.cpp line 672]

Unable to allocate new scene culling mask
UnityEngine.StackTraceUtility:ExtractStackTrace ()
UnityEditor.SceneManagement.EditorSceneManager:NewPreviewScene (bool)
UnityEditor.SceneManagement.EditorSceneManager:NewPreviewScene ()
UnityEditor.PreviewScene:.ctor (string)
UnityEditor.PreviewRenderUtility:.ctor ()
UnityEditor.Texture3DPreview:InitPreviewUtility ()
UnityEditor.Texture3DPreview:OnEnable ()

[C:\buildslave\unity\build\Editor/Src/SceneManager/EditorSceneManager.cpp line 672]

Unable to allocate new scene culling mask
UnityEngine.StackTraceUtility:ExtractStackTrace ()
UnityEditor.SceneManagement.EditorSceneManager:NewPreviewScene (bool)
UnityEditor.SceneManagement.EditorSceneManager:NewPreviewScene ()
UnityEditor.PreviewScene:.ctor (string)
UnityEditor.PreviewRenderUtility:.ctor ()
UnityEditor.Texture3DPreview:InitPreviewUtility ()
UnityEditor.Texture3DPreview:OnEnable ()

[C:\buildslave\unity\build\Editor/Src/SceneManager/EditorSceneManager.cpp line 672]

Unable to allocate new scene culling mask
UnityEngine.StackTraceUtility:ExtractStackTrace ()
UnityEditor.SceneManagement.EditorSceneManager:NewPreviewScene (bool)
UnityEditor.SceneManagement.EditorSceneManager:NewPreviewScene ()
UnityEditor.PreviewScene:.ctor (string)
UnityEditor.PreviewRenderUtility:.ctor ()
UnityEditor.Texture3DPreview:InitPreviewUtility ()
UnityEditor.Texture3DPreview:OnEnable ()

[C:\buildslave\unity\build\Editor/Src/SceneManager/EditorSceneManager.cpp line 672]

Mono: successfully reloaded assembly
- Completed reload, in  0.721 seconds
Platform modules already initialized, skipping
Refreshing native plugins compatible for Editor in 0.50 ms, found 1 plugins.
Preloading 0 native plugins for Editor in 0.00 ms.
Unloading 2671 Unused Serialized files (Serialized files now loaded: 0)
System memory in use before: 168.8 MB.
System memory in use after: 169.0 MB.

Unloading 11 unused Assets to reduce memory usage. Loaded Objects now: 4229.
Total: 2.522500 ms (FindLiveObjects: 0.350700 ms CreateObjectMapping: 0.074800 ms MarkObjects: 2.080900 ms  DeleteObjects: 0.015500 ms)

========================================================================
Received Import Request.
  Time since last request: 20.016474 seconds.
  path: Assets/Ceilling Material.mat
  artifactKey: Guid(9224580bc21d29244b9d536c1b7e6a23) Importer(815301076,1909f56bfc062723c751e8b465ee728b)
Start importing Assets/Ceilling Material.mat using Guid(9224580bc21d29244b9d536c1b7e6a23) Importer(815301076,1909f56bfc062723c751e8b465ee728b) Unable to allocate new scene culling mask
UnityEngine.StackTraceUtility:ExtractStackTrace ()
UnityEditor.SceneManagement.EditorSceneManager:NewPreviewScene (bool)
UnityEditor.SceneManagement.EditorSceneManager:NewPreviewScene ()
UnityEditor.PreviewScene:.ctor (string)
UnityEditor.PreviewRenderUtility:.ctor ()
UnityEditor.MaterialEditor:GetPreviewRendererUtility ()
UnityEditor.MaterialEditor:RenderStaticPreview (string,UnityEngine.Object[],int,int)
UnityEditor.AssetPreviewUpdater:CreatePreview (UnityEngine.Object,UnityEngine.Object[],string,int,int)
UnityEditor.AssetPreviewUpdater:CreatePreviewForAsset (UnityEngine.Object,UnityEngine.Object[],string)

[C:\buildslave\unity\build\Editor/Src/SceneManager/EditorSceneManager.cpp line 672]

 -> (artifact id: 'fe9ae31978a7ceb32c6ac4c053531794') in 0.047833 seconds 
========================================================================
Received Import Request.
  Time since last request: 0.000127 seconds.
  path: Assets/Floor Material.mat
  artifactKey: Guid(c16ac098d8e58c14fb63d44d8779c985) Importer(815301076,1909f56bfc062723c751e8b465ee728b)
Start importing Assets/Floor Material.mat using Guid(c16ac098d8e58c14fb63d44d8779c985) Importer(815301076,1909f56bfc062723c751e8b465ee728b) Unable to allocate new scene culling mask
UnityEngine.StackTraceUtility:ExtractStackTrace ()
UnityEditor.SceneManagement.EditorSceneManager:NewPreviewScene (bool)
UnityEditor.SceneManagement.EditorSceneManager:NewPreviewScene ()
UnityEditor.PreviewScene:.ctor (string)
UnityEditor.PreviewRenderUtility:.ctor ()
UnityEditor.MaterialEditor:GetPreviewRendererUtility ()
UnityEditor.MaterialEditor:RenderStaticPreview (string,UnityEngine.Object[],int,int)
UnityEditor.AssetPreviewUpdater:CreatePreview (UnityEngine.Object,UnityEngine.Object[],string,int,int)
UnityEditor.AssetPreviewUpdater:CreatePreviewForAsset (UnityEngine.Object,UnityEngine.Object[],string)

[C:\buildslave\unity\build\Editor/Src/SceneManager/EditorSceneManager.cpp line 672]

 -> (artifact id: '380d2a40ee3530273f9e9cfae008eb3e') in 0.019542 seconds 
AssetImportWorkerClient::OnTransportError - code=2 error=End of file
